This is pdfTeX, Version 3.14159265-2.6-1.40.21 (TeX Live 2020/Arch Linux) (preloaded format=prv__2Adoom_3Ascratch_2A 2020.8.9)  9 AUG 2020 23:55
entering extended mode
 restricted \write18 enabled.
 file:line:error style messages enabled.
 %&-line parsing enabled.
**&prv__2Adoom_3Ascratch_2A /AUCTEXINPUT{ _2Adoom_3Ascratch_2A.tex }
(./_2Adoom_3Ascratch_2A.tex (/usr/share/texmf-dist/tex/latex/l3backend/l3backend-pdfmode.def
File: l3backend-pdfmode.def 2020-06-03 L3 backend support: PDF mode
\l__kernel_color_stack_int=\count187
\l__pdf_internal_box=\box47
)
No file _2Adoom_3Ascratch_2A.aux.
LaTeX Font Info:    Checking defaults for OML/cmm/m/it on input line 5.
LaTeX Font Info:    ... okay on input line 5.
LaTeX Font Info:    Checking defaults for OMS/cmsy/m/n on input line 5.
LaTeX Font Info:    ... okay on input line 5.
LaTeX Font Info:    Checking defaults for OT1/cmr/m/n on input line 5.
LaTeX Font Info:    ... okay on input line 5.
LaTeX Font Info:    Checking defaults for T1/cmr/m/n on input line 5.
LaTeX Font Info:    ... okay on input line 5.
LaTeX Font Info:    Checking defaults for TS1/cmr/m/n on input line 5.
LaTeX Font Info:    ... okay on input line 5.
LaTeX Font Info:    Checking defaults for OMX/cmex/m/n on input line 5.
LaTeX Font Info:    ... okay on input line 5.
LaTeX Font Info:    Checking defaults for U/cmr/m/n on input line 5.
LaTeX Font Info:    ... okay on input line 5.
(/home/ryan/.emacs.d/.local/straight/build/auctex/latex/preview.sty
Package: preview 2017/04/24 12.2 (AUCTeX/preview-latex)
 (/usr/share/texmf-dist/tex/generic/luatex85/luatex85.sty
Package: luatex85 2016/06/15 v1.4 pdftex aliases for luatex
) (/home/ryan/.emacs.d/.local/straight/build/auctex/latex/prtightpage.def
\PreviewBorder=\dimen144
) (/home/ryan/.emacs.d/.local/straight/build/auctex/latex/prauctex.def
No auxiliary output files.


\hbadness=\count188
\hfuzz=\dimen145
(/home/ryan/.emacs.d/.local/straight/build/auctex/latex/prauctex.cfg)) (/home/ryan/.emacs.d/.local/straight/build/auctex/latex/prfootnotes.def)
\pr@snippet=\count189
\pr@box=\box48
\pr@output=\toks22

Preview: Fontsize 10pt
Preview: PDFoutput 1
)
./_2Adoom_3Ascratch_2A.tex:6: Preview: Snippet 1 started.
<-><->
      
l.6 $
     $
Not a real error.

Preview: Tightpage -32891 -32891 32891 32891
./_2Adoom_3Ascratch_2A.tex:9: Preview: Snippet 1 ended.(1978647+0x22609920).
<-><->
      
l.9 $$
      
Not a real error.

[1{/var/lib/texmf/fonts/map/pdftex/updmap/pdftex.map}] ) 
Here is how much of TeX's memory you used:
 332 strings out of 479244
 6684 string characters out of 5891584
 253132 words of memory out of 5000000
 17589 multiletter control sequences out of 15000+600000
 539565 words of font info for 40 fonts, out of 8000000 for 9000
 1141 hyphenation exceptions out of 8191
 29i,3n,29p,207b,61s stack positions out of 5000i,500n,10000p,200000b,80000s
</usr/share/texmf-dist/fonts/type1/public/amsfonts/cm/cmex10.pfb></usr/share/texmf-dist/fonts/type1/public/amsfonts/cm/cmmi10.pfb></usr/share/texmf-dist/fonts/type1/public/amsfonts/cm/cmmi7.pfb></usr/share/texmf-dist/fonts/type1/public/amsfonts/cm/cmr10.pfb></usr/share/texmf-dist/fonts/type1/public/amsfonts/cm/cmr7.pfb></usr/share/texmf-dist/fonts/type1/public/amsfonts/cm/cmsy10.pfb></usr/share/texmf-dist/fonts/type1/public/amsfonts/cm/cmsy7.pfb></usr/share/texmf-dist/fonts/type1/public/amsfonts/symbols/msbm10.pfb>
Output written on _2Adoom_3Ascratch_2A.pdf (1 page, 56521 bytes).
PDF statistics:
 40 PDF objects out of 1000 (max. 8388607)
 28 compressed objects within 1 object stream
 0 named destinations out of 1000 (max. 500000)
 1 words of extra memory for PDF output out of 10000 (max. 10000000)

