This is pdfTeX, Version 3.14159265-2.6-1.40.21 (TeX Live 2020/Arch Linux) (preloaded format=pdflatex 2020.7.5)  10 AUG 2020 22:41
entering extended mode
 restricted \write18 enabled.
 file:line:error style messages enabled.
 %&-line parsing enabled.
**\nonstopmode\nofiles\PassOptionsToPackage{active,tightpage,auctex}{preview}\AtBeginDocument{\ifx\ifPreview\undefined\RequirePackage[displaymath,floats,graphics,textmath,sections,footnotes]{preview}[2004/11/05]\fi} \input \detokenize{ pythonQuant.org.tex }
(./pythonQuant.org.tex (/usr/share/texmf-dist/tex/latex/base/article.cls
Document Class: article 2019/12/20 v1.4l Standard LaTeX document class
(/usr/share/texmf-dist/tex/latex/base/size10.clo
File: size10.clo 2019/12/20 v1.4l Standard LaTeX file (size option)
)
\c@part=\count167
\c@section=\count168
\c@subsection=\count169
\c@subsubsection=\count170
\c@paragraph=\count171
\c@subparagraph=\count172
\c@figure=\count173
\c@table=\count174
\abovecaptionskip=\skip47
\belowcaptionskip=\skip48
\bibindent=\dimen134
) (/usr/share/texmf-dist/tex/latex/graphics/color.sty
Package: color 2019/11/23 v1.2a Standard LaTeX Color (DPC)
 (/usr/share/texmf-dist/tex/latex/graphics-cfg/color.cfg
File: color.cfg 2016/01/02 v1.6 sample color configuration
)
Package color Info: Driver file: pdftex.def on input line 147.
 (/usr/share/texmf-dist/tex/latex/graphics-def/pdftex.def
File: pdftex.def 2018/01/08 v1.0l Graphics/color driver for pdftex
)) (/usr/share/texmf-dist/tex/latex/minted/minted.sty
Package: minted 2017/07/19 v2.5 Yet another Pygments shim for LaTeX
 (/usr/share/texmf-dist/tex/latex/graphics/keyval.sty
Package: keyval 2014/10/28 v1.15 key=value parser (DPC)
\KV@toks@=\toks15
) (/usr/share/texmf-dist/tex/latex/kvoptions/kvoptions.sty
Package: kvoptions 2019/11/29 v3.13 Key value format for package options (HO)
 (/usr/share/texmf-dist/tex/generic/ltxcmds/ltxcmds.sty
Package: ltxcmds 2019/12/15 v1.24 LaTeX kernel commands for general use (HO)
) (/usr/share/texmf-dist/tex/generic/kvsetkeys/kvsetkeys.sty
Package: kvsetkeys 2019/12/15 v1.18 Key value parser (HO)
)) (/usr/share/texmf-dist/tex/latex/fvextra/fvextra.sty
Package: fvextra 2019/02/04 v1.4 fvextra - extensions and patches for fancyvrb
 (/usr/share/texmf-dist/tex/latex/base/ifthen.sty
Package: ifthen 2014/09/29 v1.1c Standard LaTeX ifthen package (DPC)
) (/usr/share/texmf-dist/tex/latex/etoolbox/etoolbox.sty
Package: etoolbox 2019/09/21 v2.5h e-TeX tools for LaTeX (JAW)
\etb@tempcnta=\count175
) (/usr/share/texmf-dist/tex/latex/fancyvrb/fancyvrb.sty
Package: fancyvrb 2020/05/03 v3.6 verbatim text (tvz,hv)
\FV@CodeLineNo=\count176
\FV@InFile=\read2
\FV@TabBox=\box45
\c@FancyVerbLine=\count177
\FV@StepNumber=\count178
\FV@OutFile=\write3
) (/usr/share/texmf-dist/tex/latex/upquote/upquote.sty
Package: upquote 2012/04/19 v1.3 upright-quote and grave-accent glyphs in verbatim
) (/usr/share/texmf-dist/tex/latex/lineno/lineno.sty
Package: lineno 2005/11/02 line numbers on paragraphs v4.41
\linenopenalty=\count179
\output=\toks16
\linenoprevgraf=\count180
\linenumbersep=\dimen135
\linenumberwidth=\dimen136
\c@linenumber=\count181
\c@pagewiselinenumber=\count182
\c@LN@truepage=\count183
\c@internallinenumber=\count184
\c@internallinenumbers=\count185
\quotelinenumbersep=\dimen137
\bframerule=\dimen138
\bframesep=\dimen139
\bframebox=\box46
LaTeX Info: Redefining \\ on input line 3056.
)
\c@FV@TrueTabGroupLevel=\count186
\c@FV@TrueTabCounter=\count187
\FV@TabBox@Group=\box47
\FV@TmpLength=\skip49
\c@FV@HighlightLinesStart=\count188
\c@FV@HighlightLinesStop=\count189
\FV@LoopCount=\count190
\FV@NCharsBox=\box48
\FV@BreakIndent=\dimen140
\FV@BreakIndentNChars=\count191
\FV@BreakSymbolSepLeft=\dimen141
\FV@BreakSymbolSepLeftNChars=\count192
\FV@BreakSymbolSepRight=\dimen142
\FV@BreakSymbolSepRightNChars=\count193
\FV@BreakSymbolIndentLeft=\dimen143
\FV@BreakSymbolIndentLeftNChars=\count194
\FV@BreakSymbolIndentRight=\dimen144
\FV@BreakSymbolIndentRightNChars=\count195
\c@FancyVerbLineBreakLast=\count196
\FV@LineBox=\box49
\FV@LineIndentBox=\box50
\FV@LineWidth=\dimen145
) (/usr/share/texmf-dist/tex/latex/tools/calc.sty
Package: calc 2017/05/25 v4.3 Infix arithmetic (KKT,FJ)
\calc@Acount=\count197
\calc@Bcount=\count198
\calc@Adimen=\dimen146
\calc@Bdimen=\dimen147
\calc@Askip=\skip50
\calc@Bskip=\skip51
LaTeX Info: Redefining \setlength on input line 80.
LaTeX Info: Redefining \addtolength on input line 81.
\calc@Ccount=\count199
\calc@Cskip=\skip52
) (/usr/share/texmf-dist/tex/latex/tools/shellesc.sty
Package: shellesc 2019/11/08 v1.0c unified shell escape interface for LaTeX
Package shellesc Info: Restricted shell escape enabled on input line 77.
) (/usr/share/texmf-dist/tex/latex/ifplatform/ifplatform.sty
Package: ifplatform 2017/10/13 v0.4a Testing for the operating system

(/usr/share/texmf-dist/tex/latex/pdftexcmds/pdftexcmds.sty
Package: pdftexcmds 2020-06-04 v0.32 Utility functions of pdfTeX for LuaTeX (HO)
 (/usr/share/texmf-dist/tex/generic/infwarerr/infwarerr.sty
Package: infwarerr 2019/12/03 v1.5 Providing info/warning/error messages (HO)
) (/usr/share/texmf-dist/tex/generic/iftex/iftex.sty
Package: iftex 2020/03/06 v1.0d TeX engine tests
)
Package pdftexcmds Info: \pdf@primitive is available.
Package pdftexcmds Info: \pdf@ifprimitive is available.
Package pdftexcmds Info: \pdfdraftmode found.
) (/usr/share/texmf-dist/tex/generic/catchfile/catchfile.sty
Package: catchfile 2019/12/09 v1.8 Catch the contents of a file (HO)
 (/usr/share/texmf-dist/tex/generic/etexcmds/etexcmds.sty
Package: etexcmds 2019/12/15 v1.7 Avoid name clashes with e-TeX commands (HO)
)) (/usr/share/texmf-dist/tex/generic/iftex/ifluatex.sty
Package: ifluatex 2019/10/25 v1.5 ifluatex legacy package. Use iftex instead.
)

Package ifplatform Warning: 
    shell escape is disabled, so I can only detect \ifwindows.

) (/usr/share/texmf-dist/tex/generic/xstring/xstring.sty (/usr/share/texmf-dist/tex/generic/xstring/xstring.tex
\integerpart=\count266
\decimalpart=\count267
)
Package: xstring 2019/02/06 v1.83 String manipulations (CT)
) (/usr/share/texmf-dist/tex/latex/framed/framed.sty
Package: framed 2011/10/22 v 0.96: framed or shaded text with page breaks
\OuterFrameSep=\skip53
\fb@frw=\dimen148
\fb@frh=\dimen149
\FrameRule=\dimen150
\FrameSep=\dimen151
) (/usr/share/texmf-dist/tex/latex/float/float.sty
Package: float 2001/11/08 v1.3d Float enhancements (AL)
\c@float@type=\count268
\float@exts=\toks17
\float@box=\box51
\@float@everytoks=\toks18
\@floatcapt=\box52
)
\minted@appexistsfile=\read3
\minted@bgbox=\box53
\minted@code=\write4
\c@minted@FancyVerbLineTemp=\count269
\c@minted@pygmentizecounter=\count270
\@float@every@listing=\toks19
\c@listing=\count271
)
runsystem(mkdir -p _minted-pythonQuant.org)...disabled (restricted).



./pythonQuant.org.tex:4: Package minted Error: You must invoke LaTeX with the -shell-escape flag.

See the minted package documentation for explanation.
Type  H <return>  for immediate help.
 ...                                              
                                                  
l.4 \usepackage
               [utf8]{inputenc}
Pass the -shell-escape flag to LaTeX. Refer to the minted.sty documentation for more information.

(/usr/share/texmf-dist/tex/latex/base/inputenc.sty
Package: inputenc 2018/08/11 v1.3c Input encoding file
\inpenc@prehook=\toks20
\inpenc@posthook=\toks21
) (/usr/share/texmf-dist/tex/latex/base/fontenc.sty
Package: fontenc 2020/02/11 v2.0o Standard LaTeX package
) (/usr/share/texmf-dist/tex/latex/graphics/graphicx.sty
Package: graphicx 2019/11/30 v1.2a Enhanced LaTeX Graphics (DPC,SPQR)
 (/usr/share/texmf-dist/tex/latex/graphics/graphics.sty
Package: graphics 2019/11/30 v1.4a Standard LaTeX Graphics (DPC,SPQR)
 (/usr/share/texmf-dist/tex/latex/graphics/trig.sty
Package: trig 2016/01/03 v1.10 sin cos tan (DPC)
) (/usr/share/texmf-dist/tex/latex/graphics-cfg/graphics.cfg
File: graphics.cfg 2016/06/04 v1.11 sample graphics configuration
)
Package graphics Info: Driver file: pdftex.def on input line 105.
)
\Gin@req@height=\dimen152
\Gin@req@width=\dimen153
) (/usr/share/texmf-dist/tex/latex/grffile/grffile.sty
Package: grffile 2019/11/11 v2.1 Extended file name support for graphics (legacy)
Package grffile Info: This package is an empty stub for compatibility on input line 40.
) (/usr/share/texmf-dist/tex/generic/ulem/ulem.sty
\UL@box=\box54
\UL@hyphenbox=\box55
\UL@skip=\skip54
\UL@hook=\toks22
\UL@height=\dimen154
\UL@pe=\count272
\UL@pixel=\dimen155
\ULC@box=\box56
Package: ulem 2019/11/18
\ULdepth=\dimen156
) (/usr/share/texmf-dist/tex/latex/amsmath/amsmath.sty
Package: amsmath 2020/01/20 v2.17e AMS math features
\@mathmargin=\skip55

For additional information on amsmath, use the `?' option.
(/usr/share/texmf-dist/tex/latex/amsmath/amstext.sty
Package: amstext 2000/06/29 v2.01 AMS text
 (/usr/share/texmf-dist/tex/latex/amsmath/amsgen.sty
File: amsgen.sty 1999/11/30 v2.0 generic functions
\@emptytoks=\toks23
\ex@=\dimen157
)) (/usr/share/texmf-dist/tex/latex/amsmath/amsbsy.sty
Package: amsbsy 1999/11/29 v1.2d Bold Symbols
\pmbraise@=\dimen158
) (/usr/share/texmf-dist/tex/latex/amsmath/amsopn.sty
Package: amsopn 2016/03/08 v2.02 operator names
)
\inf@bad=\count273
LaTeX Info: Redefining \frac on input line 227.
\uproot@=\count274
\leftroot@=\count275
LaTeX Info: Redefining \overline on input line 389.
\classnum@=\count276
\DOTSCASE@=\count277
LaTeX Info: Redefining \ldots on input line 486.
LaTeX Info: Redefining \dots on input line 489.
LaTeX Info: Redefining \cdots on input line 610.
\Mathstrutbox@=\box57
\strutbox@=\box58
\big@size=\dimen159
LaTeX Font Info:    Redeclaring font encoding OML on input line 733.
LaTeX Font Info:    Redeclaring font encoding OMS on input line 734.
\macc@depth=\count278
\c@MaxMatrixCols=\count279
\dotsspace@=\muskip16
\c@parentequation=\count280
\dspbrk@lvl=\count281
\tag@help=\toks24
\row@=\count282
\column@=\count283
\maxfields@=\count284
\andhelp@=\toks25
\eqnshift@=\dimen160
\alignsep@=\dimen161
\tagshift@=\dimen162
\tagwidth@=\dimen163
\totwidth@=\dimen164
\lineht@=\dimen165
\@envbody=\toks26
\multlinegap=\skip56
\multlinetaggap=\skip57
\mathdisplay@stack=\toks27
LaTeX Info: Redefining \[ on input line 2859.
LaTeX Info: Redefining \] on input line 2860.
) (/usr/share/texmf-dist/tex/latex/base/textcomp.sty
Package: textcomp 2020/02/02 v2.0n Standard LaTeX package
) (/usr/share/texmf-dist/tex/latex/amsfonts/amssymb.sty
Package: amssymb 2013/01/14 v3.01 AMS font symbols
 (/usr/share/texmf-dist/tex/latex/amsfonts/amsfonts.sty
Package: amsfonts 2013/01/14 v3.01 Basic AMSFonts support
\symAMSa=\mathgroup4
\symAMSb=\mathgroup5
LaTeX Font Info:    Redeclaring math symbol \hbar on input line 98.
LaTeX Font Info:    Overwriting math alphabet `\mathfrak' in version `bold'
(Font)                  U/euf/m/n --> U/euf/b/n on input line 106.
))
./pythonQuant.org.tex:32: Undefined control sequence.
l.32 \addbibresource
                    {../Resources/references.bib}
The control sequence at the end of the top line
of your error message was never \def'ed. If you have
misspelled it (e.g., `\hobx'), type `I' and the correct
spelling (e.g., `I\hbox'). Otherwise just continue,
and I'll forget about whatever was undefined.


./pythonQuant.org.tex:32: LaTeX Error: Missing \begin{document}.

See the LaTeX manual or LaTeX Companion for explanation.
Type  H <return>  for immediate help.
 ...                                              
                                                  
l.32 \addbibresource{.
                      ./Resources/references.bib}
You're in trouble here.  Try typing  <return>  to proceed.
If that doesn't work, type  X <return>  to quit.

runsystem(which pygmentize && touch pythonQuant.org.aex)...disabled (restricted).


./pythonQuant.org.tex:34: Package minted Error: You must have `pygmentize' installed to use this package.

See the minted package documentation for explanation.
Type  H <return>  for immediate help.
 ...                                              
                                                  
l.34 \begin{document}
                     
Refer to the installation instructions in the minted documentation for more information.

(/usr/share/texmf-dist/tex/latex/l3backend/l3backend-pdfmode.def
File: l3backend-pdfmode.def 2020-06-03 L3 backend support: PDF mode
\l__kernel_color_stack_int=\count285
\l__pdf_internal_box=\box59
)
No file pythonQuant.org.aux.
LaTeX Font Info:    Checking defaults for OML/cmm/m/it on input line 34.
LaTeX Font Info:    ... okay on input line 34.
LaTeX Font Info:    Checking defaults for OMS/cmsy/m/n on input line 34.
LaTeX Font Info:    ... okay on input line 34.
LaTeX Font Info:    Checking defaults for OT1/cmr/m/n on input line 34.
LaTeX Font Info:    ... okay on input line 34.
LaTeX Font Info:    Checking defaults for T1/cmr/m/n on input line 34.
LaTeX Font Info:    ... okay on input line 34.
LaTeX Font Info:    Checking defaults for TS1/cmr/m/n on input line 34.
LaTeX Font Info:    ... okay on input line 34.
LaTeX Font Info:    Checking defaults for OMX/cmex/m/n on input line 34.
LaTeX Font Info:    ... okay on input line 34.
LaTeX Font Info:    Checking defaults for U/cmr/m/n on input line 34.
LaTeX Font Info:    ... okay on input line 34.
(/usr/share/texmf-dist/tex/latex/preview/preview.sty
Package: preview 2017/04/24 12.2 (AUCTeX/preview-latex)
 (/usr/share/texmf-dist/tex/generic/luatex85/luatex85.sty
Package: luatex85 2016/06/15 v1.4 pdftex aliases for luatex
) (/usr/share/texmf-dist/tex/latex/preview/prtightpage.def
\PreviewBorder=\dimen166
) (/usr/share/texmf-dist/tex/latex/preview/prauctex.def
No auxiliary output files.


\hbadness=\count286
\hfuzz=\dimen167
(/usr/share/texmf-dist/tex/latex/preview/prauctex.cfg)) (/usr/share/texmf-dist/tex/latex/preview/prfootnotes.def)
\pr@snippet=\count287
\pr@box=\box60
\pr@output=\toks28

Preview: Fontsize 10pt
Preview: PDFoutput 1
) (/usr/share/texmf-dist/tex/context/base/mkii/supp-pdf.mkii
[Loading MPS to PDF converter (version 2006.09.02).]
\scratchcounter=\count288
\scratchdimen=\dimen168
\scratchbox=\box61
\nofMPsegments=\count289
\nofMParguments=\count290
\everyMPshowfont=\toks29
\MPscratchCnt=\count291
\MPscratchDim=\dimen169
\MPnumerator=\count292
\makeMPintoPDFobject=\count293
\everyMPtoPDFconversion=\toks30
) (/usr/share/texmf-dist/tex/latex/epstopdf-pkg/epstopdf-base.sty
Package: epstopdf-base 2020-01-24 v2.11 Base part for package epstopdf
 (/usr/share/texmf-dist/tex/latex/grfext/grfext.sty
Package: grfext 2019/12/03 v1.3 Manage graphics extensions (HO)
 (/usr/share/texmf-dist/tex/generic/kvdefinekeys/kvdefinekeys.sty
Package: kvdefinekeys 2019-12-19 v1.6 Define keys (HO)
))
Package epstopdf-base Info: Redefining graphics rule for `.eps' on input line 485.
Package grfext Info: Graphics extension search list:
(grfext)             [.pdf,.png,.jpg,.mps,.jpeg,.jbig2,.jb2,.PDF,.PNG,.JPG,.JPEG,.JBIG2,.JB2,.eps]
(grfext)             \AppendGraphicsExtensions on input line 504.
 (/usr/share/texmf-dist/tex/latex/latexconfig/epstopdf-sys.cfg
File: epstopdf-sys.cfg 2010/07/13 v1.3 Configuration of (r)epstopdf for TeX Live
))
./pythonQuant.org.tex:35: Preview: Snippet 1 started.
<-><->
      
l.35 $
      $
Not a real error.

LaTeX Font Info:    Trying to load font information for U+msa on input line 35.
(/usr/share/texmf-dist/tex/latex/amsfonts/umsa.fd
File: umsa.fd 2013/01/14 v3.01 AMS symbols A
)
LaTeX Font Info:    Trying to load font information for U+msb on input line 35.
 (/usr/share/texmf-dist/tex/latex/amsfonts/umsb.fd
File: umsb.fd 2013/01/14 v3.01 AMS symbols B
)

LaTeX Font Warning: Command \scriptsize invalid in math mode on input line 37.

Preview: Tightpage -32891 -32891 32891 32891
./pythonQuant.org.tex:306: Preview: Snippet 1 ended.(7293073+0x34664398).
<-><->
      
l.306 $$
        
Not a real error.

[1{/var/lib/texmf/fonts/map/pdftex/updmap/pdftex.map}]
./pythonQuant.org.tex:307: Preview: Snippet 2 started.
<-><->
      
l.307 $
       $
Not a real error.


LaTeX Font Warning: Command \scriptsize invalid in math mode on input line 309.

./pythonQuant.org.tex:344: Preview: Snippet 2 ended.(3712313+0x34664398).
<-><->
      
l.344 $$
        
Not a real error.

[2]
./pythonQuant.org.tex:345: Preview: Snippet 3 started.
<-><->
      
l.345 \begin{align}
                   
Not a real error.

./pythonQuant.org.tex:347: Preview: Snippet 3 ended.(1936048+0x34664398).
<-><->
      
l.347 \end{align}
                 
Not a real error.

[3]
./pythonQuant.org.tex:348: Preview: Snippet 4 started.
<-><->
      
l.348 \begin{align}
                   
Not a real error.

./pythonQuant.org.tex:352: Preview: Snippet 4 ended.(3532375+0x34664398).
<-><->
      
l.352 \end{align}
                 
Not a real error.

[4


]
./pythonQuant.org.tex:353: Preview: Snippet 5 started.
<-><->
      
l.353 $
       \left( a\cdot b \right)^{k} = a^k\cdot b^k$
Not a real error.

./pythonQuant.org.tex:353: Preview: Snippet 5 ended.(648079+163840x4552842).
<-><->
      
l.353 $\left( a\cdot b \right)^{k} = a^k\cdot b^k$
                                                  
Not a real error.

[5]
./pythonQuant.org.tex:354: Preview: Snippet 6 started.
<-><->
      
l.354 $
       \left( \left[ - 1 \right]^2 \cdot 3
Not a real error.

./pythonQuant.org.tex:356: Preview: Snippet 6 ended.(978938+425990x7194761).
<-><->
      
l.356 3^{\frac{1}{2}}$
                      
Not a real error.

[6]
./pythonQuant.org.tex:357: Preview: Snippet 7 started.
<-><->
      
l.357 $
       k \in
Not a real error.

./pythonQuant.org.tex:358: Preview: Snippet 7 ended.(455111+25623x1900994).
<-><->
      
l.358 \mathbb{Z}^{*}$
                     
Not a real error.

[7]
./pythonQuant.org.tex:359: Preview: Snippet 8 started.
<-><->
      
l.359 \begin{align}
                   
Not a real error.

./pythonQuant.org.tex:361: Preview: Snippet 8 ended.(884011+0x34664398).
<-><->
      
l.361 \end{align}
                 
Not a real error.

[8]
./pythonQuant.org.tex:362: Preview: Snippet 9 started.
<-><->
      
l.362 $
       \forall z \in \mathbb{C}$
Not a real error.

./pythonQuant.org.tex:362: Preview: Snippet 9 ended.(455111+25623x1971992).
<-><->
      
l.362 $\forall z \in \mathbb{C}$
                                
Not a real error.

[9]
./pythonQuant.org.tex:363: Preview: Snippet 10 started.
<-><->
      
l.363 \begin{align}
                   
Not a real error.

./pythonQuant.org.tex:366: Preview: Snippet 10 ended.(2886861+0x34664398).
<-><->
      
l.366 \end{align}
                 
Not a real error.

[10

]
./pythonQuant.org.tex:367: Preview: Snippet 11 started.
<-><->
      
l.367 \begin{align}
                   
Not a real error.

./pythonQuant.org.tex:373: Preview: Snippet 11 ended.(8812398+0x34664398).
<-><->
      
l.373 \end{align}
                 
Not a real error.

[11

]
./pythonQuant.org.tex:374: Preview: Snippet 12 started.
<-><->
      
l.374 \begin{align}
                   
Not a real error.


LaTeX Warning: Reference `eq:expmatpower' on page 1 undefined on input line 381.


LaTeX Warning: Reference `eq:expmatpower' on page 1 undefined on input line 381.

./pythonQuant.org.tex:381: Preview: Snippet 12 ended.(9132086+0x34664398).
<-><->
      
l.381 \end{align}
                 
Not a real error.

[12]
./pythonQuant.org.tex:382: Preview: Snippet 13 started.
<-><->
      
l.382 $
       b^{\mathbf{X}}
Not a real error.

./pythonQuant.org.tex:383: Preview: Snippet 13 ended.(552580+163840x3515010).
<-><->
      
l.383 \enspace (\forall b \in \mathbb{C})$
                                          
Not a real error.

[13]
./pythonQuant.org.tex:384: Preview: Snippet 14 started.
<-><->
      
l.384 \begin{align*}
                    
Not a real error.

./pythonQuant.org.tex:388: Preview: Snippet 14 ended.(6461696+0x22534743).
<-><->
      
l.388 \end{align*}
                  
Not a real error.

[14]
./pythonQuant.org.tex:389: Preview: Snippet 15 started.
<-><->
      
l.389 $
       f\left( x \right) = b^{x} \implies
Not a real error.

./pythonQuant.org.tex:390: Preview: Snippet 15 ended.(581889+163840x10502881).
<-><->
      
l.390 ...ight) = b^{x} \log_e^n{\left( b \right)}$
                                                  
Not a real error.

[15]
./pythonQuant.org.tex:391: Preview: Snippet 16 started.
<-><->
      
l.391 \begin{align*}
                    
Not a real error.

./pythonQuant.org.tex:394: Preview: Snippet 16 ended.(4263504+0x21764223).
<-><->
      
l.394 \end{align*}
                  
Not a real error.

[16]
./pythonQuant.org.tex:395: Preview: Snippet 17 started.
<-><->
      
l.395 \begin{align*}
                    
Not a real error.

./pythonQuant.org.tex:398: Preview: Snippet 17 ended.(3113413+0x21656329).
<-><->
      
l.398 \end{align*}
                  
Not a real error.

[17]
./pythonQuant.org.tex:399: Preview: Snippet 18 started.
<-><->
      
l.399 \begin{align*}
                    
Not a real error.


LaTeX Warning: Reference `eq:expmatpower' on page 1 undefined on input line 404.


LaTeX Warning: Reference `eq:expmatpower' on page 1 undefined on input line 404.

./pythonQuant.org.tex:404: Preview: Snippet 18 ended.(4606438+0x27136650).
<-><->
      
l.404 \end{align*}
                  
Not a real error.

[18]
./pythonQuant.org.tex:405: Preview: Snippet 19 started.
<-><->
      
l.405 \begin{align}
                   
Not a real error.

./pythonQuant.org.tex:408: Preview: Snippet 19 ended.(1963322+0x34664398).
<-><->
      
l.408 \end{align}
                 
Not a real error.

[19]
./pythonQuant.org.tex:409: Preview: Snippet 20 started.
<-><->
      
l.409 $
       $
Not a real error.

./pythonQuant.org.tex:412: Preview: Snippet 20 ended.(2424854+0x34664398).
<-><->
      
l.412 $$
        
Not a real error.

[20]
./pythonQuant.org.tex:413: Preview: Snippet 21 started.
<-><->
      
l.413 $
       $
Not a real error.

./pythonQuant.org.tex:416: Preview: Snippet 21 ended.(1978647+0x34664398).
<-><->
      
l.416 $$
        
Not a real error.

[21]
./pythonQuant.org.tex:417: Preview: Snippet 22 started.
<-><->
      
l.417 $
       a_n$
Not a real error.

./pythonQuant.org.tex:417: Preview: Snippet 22 ended.(282168+98303x703150).
<-><->
      
l.417 $a_n$
           
Not a real error.

[22]
./pythonQuant.org.tex:418: Preview: Snippet 23 started.
<-><->
      
l.418 $
       $\begin{aligned}
Not a real error.

./pythonQuant.org.tex:420: Preview: Snippet 23 ended.(1978647+0x34664398).
<-><->
      
l.420 \end{aligned}$$
                     
Not a real error.

[23]
./pythonQuant.org.tex:421: Preview: Snippet 24 started.
<-><->
      
l.421 $
       $
Not a real error.

./pythonQuant.org.tex:424: Preview: Snippet 24 ended.(1978647+0x34664398).
<-><->
      
l.424 $$
        
Not a real error.

[24]
./pythonQuant.org.tex:425: Preview: Snippet 25 started.
<-><->
      
l.425 $
       $
Not a real error.

./pythonQuant.org.tex:429: Preview: Snippet 25 ended.(2043279+0x34664398).
<-><->
      
l.429 $$
        
Not a real error.

[25]
./pythonQuant.org.tex:430: Preview: Snippet 26 started.
<-><->
      
l.430 \begin{align*}
                    
Not a real error.

./pythonQuant.org.tex:434: Preview: Snippet 26 ended.(2752512+0x21041077).
<-><->
      
l.434 \end{align*}
                  
Not a real error.

[26]
./pythonQuant.org.tex:435: Preview: Snippet 27 started.
<-><->
      
l.435 $
       f(x)$
Not a real error.

./pythonQuant.org.tex:435: Preview: Snippet 27 ended.(491520+163840x1275680).
<-><->
      
l.435 $f(x)$
            
Not a real error.

[27]
./pythonQuant.org.tex:436: Preview: Snippet 28 started.
<-><->
      
l.436 \begin{align}
                   
Not a real error.

./pythonQuant.org.tex:438: Preview: Snippet 28 ended.(1913111+0x34664398).
<-><->
      
l.438 \end{align}
                 
Not a real error.

[28

]
./pythonQuant.org.tex:439: Preview: Snippet 29 started.
<-><->
      
l.439 \begin{align}
                   
Not a real error.

./pythonQuant.org.tex:442: Preview: Snippet 29 ended.(4088366+0x34664398).
<-><->
      
l.442 \end{align}
                 
Not a real error.

[29


]
./pythonQuant.org.tex:443: Preview: Snippet 30 started.
<-><->
      
l.443 \begin{align}
                   
Not a real error.

./pythonQuant.org.tex:447: Preview: Snippet 30 ended.(3944727+0x34664398).
<-><->
      
l.447 \end{align}
                 
Not a real error.

[30

]
./pythonQuant.org.tex:448: Preview: Snippet 31 started.
<-><->
      
l.448 \begin{align}
                   
Not a real error.

./pythonQuant.org.tex:451: Preview: Snippet 31 ended.(3114725+0x34664398).
<-><->
      
l.451 \end{align}
                 
Not a real error.

[31

]
./pythonQuant.org.tex:452: Preview: Snippet 32 started.
<-><->
      
l.452 $
       2$
Not a real error.

./pythonQuant.org.tex:452: Preview: Snippet 32 ended.(422343+0x327681).
<-><->
      
l.452 $2$
         
Not a real error.

[32]
./pythonQuant.org.tex:453: Preview: Snippet 33 started.
<-><->
      
l.453 $
       f(x)$
Not a real error.

./pythonQuant.org.tex:453: Preview: Snippet 33 ended.(491520+163840x1275680).
<-><->
      
l.453 $f(x)$
            
Not a real error.

[33]
./pythonQuant.org.tex:454: Preview: Snippet 34 started.
<-><->
      
l.454 \begin{align*}
                    
Not a real error.

./pythonQuant.org.tex:468: Preview: Snippet 34 ended.(15962429+0x23892595).
<-><->
      
l.468 \end{align*}
                  
Not a real error.

[34]
./pythonQuant.org.tex:469: Preview: Snippet 35 started.
<-><->
      
l.469 $
       $\begin{align*}
Not a real error.


./pythonQuant.org.tex:471: Package amsmath Error: Erroneous nesting of equation structures;
(amsmath)                trying to recover with `aligned'.

See the amsmath package documentation for explanation.
Type  H <return>  for immediate help.
 ...                                              
                                                  
l.471 \end{align*}
                  $$
Try typing  <return>  to proceed.
If that doesn't work, type  X <return>  to quit.

./pythonQuant.org.tex:471: Preview: Snippet 35 ended.(1978647+0x34664398).
<-><->
      
l.471 \end{align*}$$
                    
Not a real error.

[35]
./pythonQuant.org.tex:472: Preview: Snippet 36 started.
<-><->
      
l.472 $
       $\begin{align*}
Not a real error.


./pythonQuant.org.tex:478: Package amsmath Error: Erroneous nesting of equation structures;
(amsmath)                trying to recover with `aligned'.

See the amsmath package documentation for explanation.
Type  H <return>  for immediate help.
 ...                                              
                                                  
l.478 \end{align*}
                  $$
Try typing  <return>  to proceed.
If that doesn't work, type  X <return>  to quit.

./pythonQuant.org.tex:478: Preview: Snippet 36 ended.(9362551+0x34664398).
<-><->
      
l.478 \end{align*}$$
                    
Not a real error.

[36]
./pythonQuant.org.tex:479: Preview: Snippet 37 started.
<-><->
      
l.479 $
       $\begin{align*}
Not a real error.


./pythonQuant.org.tex:485: Package amsmath Error: Erroneous nesting of equation structures;
(amsmath)                trying to recover with `aligned'.

See the amsmath package documentation for explanation.
Type  H <return>  for immediate help.
 ...                                              
                                                  
l.485 \end{align*}
                  $$
Try typing  <return>  to proceed.
If that doesn't work, type  X <return>  to quit.

./pythonQuant.org.tex:485: Preview: Snippet 37 ended.(10081800+0x34664398).
<-><->
      
l.485 \end{align*}$$
                    
Not a real error.

[37]
./pythonQuant.org.tex:486: Preview: Snippet 38 started.
<-><->
      
l.486 $
       a_n$
Not a real error.

./pythonQuant.org.tex:486: Preview: Snippet 38 ended.(282168+98303x703150).
<-><->
      
l.486 $a_n$
           
Not a real error.

[38]
./pythonQuant.org.tex:487: Preview: Snippet 39 started.
<-><->
      
l.487 $
       \sum^\infty_{n = 0} \left[ a_nx^n \right]$
Not a real error.

./pythonQuant.org.tex:487: Preview: Snippet 39 ended.(527024+196611x3619814).
<-><->
      
l.487 $\sum^\infty_{n = 0} \left[ a_nx^n \right]$
                                                 
Not a real error.

[39]
./pythonQuant.org.tex:488: Preview: Snippet 40 started.
<-><->
      
l.488 \begin{align*}
                    
Not a real error.

./pythonQuant.org.tex:491: Preview: Snippet 40 ended.(1769472+0x21100744).
<-><->
      
l.491 \end{align*}
                  
Not a real error.

[40]
./pythonQuant.org.tex:492: Preview: Snippet 41 started.
<-><->
      
l.492 \begin{align*}
                    
Not a real error.

./pythonQuant.org.tex:494: Preview: Snippet 41 ended.(802165+0x21332846).
<-><->
      
l.494 \end{align*}
                  
Not a real error.

[41]
./pythonQuant.org.tex:495: Preview: Snippet 42 started.
<-><->
      
l.495 \begin{align*}
                    
Not a real error.

./pythonQuant.org.tex:497: Preview: Snippet 42 ended.(786432+0x21070702).
<-><->
      
l.497 \end{align*}
                  
Not a real error.

[42]
./pythonQuant.org.tex:498: Preview: Snippet 43 started.
<-><->
      
l.498 $
       f\left( x \right)= e^x$
Not a real error.

./pythonQuant.org.tex:498: Preview: Snippet 43 ended.(491520+163840x2893819).
<-><->
      
l.498 $f\left( x \right)= e^x$
                              
Not a real error.

[43]
./pythonQuant.org.tex:499: Preview: Snippet 44 started.
<-><->
      
l.499 $
       \frac{\mathrm{d}\left( e^x \right) }{\mathrm{d} x} = e^x$
Not a real error.

./pythonQuant.org.tex:499: Preview: Snippet 44 ended.(661912+225995x2906089).
<-><->
      
l.499 ...\left( e^x \right) }{\mathrm{d} x} = e^x$
                                                  
Not a real error.

[44]
./pythonQuant.org.tex:500: Preview: Snippet 45 started.
<-><->
      
l.500 \begin{align*}
                    
Not a real error.

./pythonQuant.org.tex:502: Preview: Snippet 45 ended.(1913111+0x20878901).
<-><->
      
l.502 \end{align*}
                  
Not a real error.

[45]
./pythonQuant.org.tex:503: Preview: Snippet 46 started.
<-><->
      
l.503 $
       f(x)=e^x$
Not a real error.

./pythonQuant.org.tex:503: Preview: Snippet 46 ended.(491520+163840x2784595).
<-><->
      
l.503 $f(x)=e^x$
                
Not a real error.

[46]
./pythonQuant.org.tex:504: Preview: Snippet 47 started.
<-><->
      
l.504 \begin{align*}
                    
Not a real error.

./pythonQuant.org.tex:509: Preview: Snippet 47 ended.(8360773+0x31142426).
<-><->
      
l.509 \end{align*}
                  
Not a real error.

[47]
./pythonQuant.org.tex:510: Preview: Snippet 48 started.
<-><->
      
l.510 \begin{align*}
                    
Not a real error.

./pythonQuant.org.tex:515: Preview: Snippet 48 ended.(5600651+0x23903516).
<-><->
      
l.515 \end{align*}
                  
Not a real error.

[48]
./pythonQuant.org.tex:516: Preview: Snippet 49 started.
<-><->
      
l.516 \begin{align*}
                    
Not a real error.

./pythonQuant.org.tex:518: Preview: Snippet 49 ended.(1966099+0x25227352).
<-><->
      
l.518 \end{align*}
                  
Not a real error.

[49]
./pythonQuant.org.tex:519: Preview: Snippet 50 started.
<-><->
      
l.519 \begin{align*}
                    
Not a real error.

./pythonQuant.org.tex:521: Preview: Snippet 50 ended.(2013243+0x25415530).
<-><->
      
l.521 \end{align*}
                  
Not a real error.

[50]
./pythonQuant.org.tex:522: Preview: Snippet 51 started.
<-><->
      
l.522 \begin{align*}
                    
Not a real error.

./pythonQuant.org.tex:524: Preview: Snippet 51 ended.(1913111+0x20151675).
<-><->
      
l.524 \end{align*}
                  
Not a real error.

[51]
./pythonQuant.org.tex:525: Preview: Snippet 52 started.
<-><->
      
l.525 \begin{align*}
                    
Not a real error.

./pythonQuant.org.tex:527: Preview: Snippet 52 ended.(2001599+0x22947891).
<-><->
      
l.527 \end{align*}
                  
Not a real error.

[52]
./pythonQuant.org.tex:528: Preview: Snippet 53 started.
<-><->
      
l.528 \begin{align*}
                    
Not a real error.

./pythonQuant.org.tex:531: Preview: Snippet 53 ended.(3014675+0x23933906).
<-><->
      
l.531 \end{align*}
                  
Not a real error.

[53]
./pythonQuant.org.tex:532: Preview: Snippet 54 started.
<-><->
      
l.532 \begin{align*}
                    
Not a real error.

./pythonQuant.org.tex:536: Preview: Snippet 54 ended.(5509275+0x23027793).
<-><->
      
l.536 \end{align*}
                  
Not a real error.

[54]
./pythonQuant.org.tex:537: Preview: Snippet 55 started.
<-><->
      
l.537 $
       \varphi = \frac{1+ \sqrt{5} }{2} \approx 1.61\ldots$
Not a real error.

./pythonQuant.org.tex:537: Preview: Snippet 55 ended.(684192+225995x5727835).
<-><->
      
l.537 ...frac{1+ \sqrt{5} }{2} \approx 1.61\ldots$
                                                  
Not a real error.

[55]
./pythonQuant.org.tex:538: Preview: Snippet 56 started.
<-><->
      
l.538 $
       \psi = 1-\varphi = \frac{1- \sqrt{5} }{2} \approx 0.61\ldots$
Not a real error.

./pythonQuant.org.tex:538: Preview: Snippet 56 ended.(684192+225995x8188002).
<-><->
      
l.538 ...frac{1- \sqrt{5} }{2} \approx 0.61\ldots$
                                                  
Not a real error.

[56]
./pythonQuant.org.tex:539: Preview: Snippet 57 started.
<-><->
      
l.539 $
       a_{n+ 2}$
Not a real error.

./pythonQuant.org.tex:539: Preview: Snippet 57 ended.(282168+152917x1366705).
<-><->
      
l.539 $a_{n+ 2}$
                
Not a real error.

[57]

LaTeX Warning: There were undefined references.

 ) 
Here is how much of TeX's memory you used:
 6263 strings out of 480478
 103586 string characters out of 5905960
 472853 words of memory out of 5000000
 22154 multiletter control sequences out of 15000+600000
 540747 words of font info for 45 fonts, out of 8000000 for 9000
 1141 hyphenation exceptions out of 8191
 42i,18n,33p,1093b,262s stack positions out of 5000i,500n,10000p,200000b,80000s
{/usr/share/texmf-dist/fonts/enc/dvips/cm-super/cm-super-t1.enc}</usr/share/texmf-dist/fonts/type1/public/amsfonts/cm/cmbx10.pfb></usr/share/texmf-dist/fonts/type1/public/amsfonts/cm/cmbx7.pfb></usr/share/texmf-dist/fonts/type1/public/amsfonts/cm/cmex10.pfb></usr/share/texmf-dist/fonts/type1/public/amsfonts/cmextra/cmex7.pfb></usr/share/texmf-dist/fonts/type1/public/amsfonts/cm/cmmi10.pfb></usr/share/texmf-dist/fonts/type1/public/amsfonts/cm/cmmi5.pfb></usr/share/texmf-dist/fonts/type1/public/amsfonts/cm/cmmi7.pfb></usr/share/texmf-dist/fonts/type1/public/amsfonts/cm/cmr10.pfb></usr/share/texmf-dist/fonts/type1/public/amsfonts/cm/cmr5.pfb></usr/share/texmf-dist/fonts/type1/public/amsfonts/cm/cmr7.pfb></usr/share/texmf-dist/fonts/type1/public/amsfonts/cm/cmsy10.pfb></usr/share/texmf-dist/fonts/type1/public/amsfonts/cm/cmsy5.pfb></usr/share/texmf-dist/fonts/type1/public/amsfonts/cm/cmsy7.pfb></usr/share/texmf-dist/fonts/type1/public/amsfonts/symbols/msam10.pfb></usr/share/texmf-dist/fo
nts/type1/public/amsfonts/symbols/msbm10.pfb></usr/share/texmf-dist/fonts/type1/public/amsfonts/symbols/msbm7.pfb></usr/share/texmf-dist/fonts/type1/public/cm-super/sfbx1000.pfb></usr/share/texmf-dist/fonts/type1/public/cm-super/sfrm0700.pfb></usr/share/texmf-dist/fonts/type1/public/cm-super/sfrm1000.pfb>
Output written on pythonQuant.org.pdf (57 pages, 222621 bytes).
PDF statistics:
 266 PDF objects out of 1000 (max. 8388607)
 186 compressed objects within 2 object streams
 0 named destinations out of 1000 (max. 500000)
 1 words of extra memory for PDF output out of 10000 (max. 10000000)

