\BOOKMARK [1][-]{section.1}{Report}{}% 1
\BOOKMARK [2][-]{subsection.1.1}{Hausdorff\040DimensionRyan}{section.1}% 2
\BOOKMARK [3][-]{subsubsection.1.1.1}{Topological\040Equivalence}{subsection.1.1}% 3
\BOOKMARK [3][-]{subsubsection.1.1.2}{Hausdorff\040Dimension}{subsection.1.1}% 4
\BOOKMARK [2][-]{subsection.1.2}{Box\040CountingRyan}{section.1}% 5
\BOOKMARK [2][-]{subsection.1.3}{Fractals\040GenerallyJames}{section.1}% 6
\BOOKMARK [2][-]{subsection.1.4}{Generating\040Self\040Similar\040FractalsRyan}{section.1}% 7
\BOOKMARK [2][-]{subsection.1.5}{Fractal\040DimensionsRyan}{section.1}% 8
\BOOKMARK [3][-]{subsubsection.1.5.1}{Turtle}{subsection.1.5}% 9
\BOOKMARK [3][-]{subsubsection.1.5.2}{Calculating\040the\040Dimension\040of\040Julia\040Set}{subsection.1.5}% 10
\BOOKMARK [3][-]{subsubsection.1.5.3}{My\040Fractal}{subsection.1.5}% 11
\BOOKMARK [2][-]{subsection.1.6}{Julia\040Sets\040and\040Mandelbrot\040SetsRyan}{section.1}% 12
\BOOKMARK [3][-]{subsubsection.1.6.1}{The\040math\040behind\040it}{subsection.1.6}% 13
\BOOKMARK [2][-]{subsection.1.7}{Fibonacci\040SequenceRyan:James}{section.1}% 14
\BOOKMARK [3][-]{subsubsection.1.7.1}{IntroductionRyan}{subsection.1.7}% 15
\BOOKMARK [3][-]{subsubsection.1.7.2}{Computational\040ApproachRyan}{subsection.1.7}% 16
\BOOKMARK [3][-]{subsubsection.1.7.3}{Exponential\040Generating\040Functions}{subsection.1.7}% 17
\BOOKMARK [3][-]{subsubsection.1.7.4}{Fibonacci\040Sequence\040and\040the\040Golden\040RatioRyan}{subsection.1.7}% 18
\BOOKMARK [2][-]{subsection.1.8}{Julia\040SetsRyan}{section.1}% 19
\BOOKMARK [3][-]{subsubsection.1.8.1}{Introduction}{subsection.1.8}% 20
\BOOKMARK [3][-]{subsubsection.1.8.2}{Motivation}{subsection.1.8}% 21
\BOOKMARK [3][-]{subsubsection.1.8.3}{Plotting\040the\040Sets}{subsection.1.8}% 22
\BOOKMARK [2][-]{subsection.1.9}{MandelBrotRyan}{section.1}% 23
\BOOKMARK [2][-]{subsection.1.10}{Appendix}{section.1}% 24
\BOOKMARK [3][-]{subsubsection.1.10.1}{Finding\040Material}{subsection.1.10}% 25
\BOOKMARK [3][-]{subsubsection.1.10.2}{Font\040Lock}{subsection.1.10}% 26
