This is pdfTeX, Version 3.14159265-2.6-1.40.21 (TeX Live 2020/Arch Linux) (preloaded format=pdflatex 2020.7.5)  2 AUG 2020 19:59
entering extended mode
 \write18 enabled.
 %&-line parsing enabled.
**pythonQuant.tex
(./pythonQuant.tex
LaTeX2e <2020-02-02> patch level 5
L3 programming layer <2020-06-03> (/usr/share/texmf-dist/tex/latex/base/article.cls
Document Class: article 2019/12/20 v1.4l Standard LaTeX document class
(/usr/share/texmf-dist/tex/latex/base/size11.clo
File: size11.clo 2019/12/20 v1.4l Standard LaTeX file (size option)
)
\c@part=\count167
\c@section=\count168
\c@subsection=\count169
\c@subsubsection=\count170
\c@paragraph=\count171
\c@subparagraph=\count172
\c@figure=\count173
\c@table=\count174
\abovecaptionskip=\skip47
\belowcaptionskip=\skip48
\bibindent=\dimen134
) (/usr/share/texmf-dist/tex/latex/base/inputenc.sty
Package: inputenc 2018/08/11 v1.3c Input encoding file
\inpenc@prehook=\toks15
\inpenc@posthook=\toks16
) (/usr/share/texmf-dist/tex/latex/base/fontenc.sty
Package: fontenc 2020/02/11 v2.0o Standard LaTeX package
) (/usr/share/texmf-dist/tex/latex/graphics/graphicx.sty
Package: graphicx 2019/11/30 v1.2a Enhanced LaTeX Graphics (DPC,SPQR)
(/usr/share/texmf-dist/tex/latex/graphics/keyval.sty
Package: keyval 2014/10/28 v1.15 key=value parser (DPC)
\KV@toks@=\toks17
) (/usr/share/texmf-dist/tex/latex/graphics/graphics.sty
Package: graphics 2019/11/30 v1.4a Standard LaTeX Graphics (DPC,SPQR)
(/usr/share/texmf-dist/tex/latex/graphics/trig.sty
Package: trig 2016/01/03 v1.10 sin cos tan (DPC)
) (/usr/share/texmf-dist/tex/latex/graphics-cfg/graphics.cfg
File: graphics.cfg 2016/06/04 v1.11 sample graphics configuration
)
Package graphics Info: Driver file: pdftex.def on input line 105.
(/usr/share/texmf-dist/tex/latex/graphics-def/pdftex.def
File: pdftex.def 2018/01/08 v1.0l Graphics/color driver for pdftex
))
\Gin@req@height=\dimen135
\Gin@req@width=\dimen136
) (/usr/share/texmf-dist/tex/latex/grffile/grffile.sty
Package: grffile 2019/11/11 v2.1 Extended file name support for graphics (legacy)
Package grffile Info: This package is an empty stub for compatibility on input line 40.
) (/usr/share/texmf-dist/tex/latex/tools/longtable.sty
Package: longtable 2020/01/07 v4.13 Multi-page Table package (DPC)
\LTleft=\skip49
\LTright=\skip50
\LTpre=\skip51
\LTpost=\skip52
\LTchunksize=\count175
\LTcapwidth=\dimen137
\LT@head=\box45
\LT@firsthead=\box46
\LT@foot=\box47
\LT@lastfoot=\box48
\LT@cols=\count176
\LT@rows=\count177
\c@LT@tables=\count178
\c@LT@chunks=\count179
\LT@p@ftn=\toks18
) (/usr/share/texmf-dist/tex/latex/wrapfig/wrapfig.sty
\wrapoverhang=\dimen138
\WF@size=\dimen139
\c@WF@wrappedlines=\count180
\WF@box=\box49
\WF@everypar=\toks19
Package: wrapfig 2003/01/31  v 3.6
) (/usr/share/texmf-dist/tex/latex/graphics/rotating.sty
Package: rotating 2016/08/11 v2.16d rotated objects in LaTeX
(/usr/share/texmf-dist/tex/latex/base/ifthen.sty
Package: ifthen 2014/09/29 v1.1c Standard LaTeX ifthen package (DPC)
)
\c@r@tfl@t=\count181
\rotFPtop=\skip53
\rotFPbot=\skip54
\rot@float@box=\box50
\rot@mess@toks=\toks20
) (/usr/share/texmf-dist/tex/generic/ulem/ulem.sty
\UL@box=\box51
\UL@hyphenbox=\box52
\UL@skip=\skip55
\UL@hook=\toks21
\UL@height=\dimen140
\UL@pe=\count182
\UL@pixel=\dimen141
\ULC@box=\box53
Package: ulem 2019/11/18
\ULdepth=\dimen142
) (/usr/share/texmf-dist/tex/latex/amsmath/amsmath.sty
Package: amsmath 2020/01/20 v2.17e AMS math features
\@mathmargin=\skip56
For additional information on amsmath, use the `?' option.
(/usr/share/texmf-dist/tex/latex/amsmath/amstext.sty
Package: amstext 2000/06/29 v2.01 AMS text
(/usr/share/texmf-dist/tex/latex/amsmath/amsgen.sty
File: amsgen.sty 1999/11/30 v2.0 generic functions
\@emptytoks=\toks22
\ex@=\dimen143
)) (/usr/share/texmf-dist/tex/latex/amsmath/amsbsy.sty
Package: amsbsy 1999/11/29 v1.2d Bold Symbols
\pmbraise@=\dimen144
) (/usr/share/texmf-dist/tex/latex/amsmath/amsopn.sty
Package: amsopn 2016/03/08 v2.02 operator names
)
\inf@bad=\count183
LaTeX Info: Redefining \frac on input line 227.
\uproot@=\count184
\leftroot@=\count185
LaTeX Info: Redefining \overline on input line 389.
\classnum@=\count186
\DOTSCASE@=\count187
LaTeX Info: Redefining \ldots on input line 486.
LaTeX Info: Redefining \dots on input line 489.
LaTeX Info: Redefining \cdots on input line 610.
\Mathstrutbox@=\box54
\strutbox@=\box55
\big@size=\dimen145
LaTeX Font Info:    Redeclaring font encoding OML on input line 733.
LaTeX Font Info:    Redeclaring font encoding OMS on input line 734.
\macc@depth=\count188
\c@MaxMatrixCols=\count189
\dotsspace@=\muskip16
\c@parentequation=\count190
\dspbrk@lvl=\count191
\tag@help=\toks23
\row@=\count192
\column@=\count193
\maxfields@=\count194
\andhelp@=\toks24
\eqnshift@=\dimen146
\alignsep@=\dimen147
\tagshift@=\dimen148
\tagwidth@=\dimen149
\totwidth@=\dimen150
\lineht@=\dimen151
\@envbody=\toks25
\multlinegap=\skip57
\multlinetaggap=\skip58
\mathdisplay@stack=\toks26
LaTeX Info: Redefining \[ on input line 2859.
LaTeX Info: Redefining \] on input line 2860.
) (/usr/share/texmf-dist/tex/latex/base/textcomp.sty
Package: textcomp 2020/02/02 v2.0n Standard LaTeX package
) (/usr/share/texmf-dist/tex/latex/amsfonts/amssymb.sty
Package: amssymb 2013/01/14 v3.01 AMS font symbols
(/usr/share/texmf-dist/tex/latex/amsfonts/amsfonts.sty
Package: amsfonts 2013/01/14 v3.01 Basic AMSFonts support
\symAMSa=\mathgroup4
\symAMSb=\mathgroup5
LaTeX Font Info:    Redeclaring math symbol \hbar on input line 98.
LaTeX Font Info:    Overwriting math alphabet `\mathfrak' in version `bold'
(Font)                  U/euf/m/n --> U/euf/b/n on input line 106.
)) (/usr/share/texmf-dist/tex/latex/capt-of/capt-of.sty
Package: capt-of 2009/12/29 v0.2 standard captions outside of floats
) (/usr/share/texmf-dist/tex/latex/hyperref/hyperref.sty
Package: hyperref 2020-05-15 v7.00e Hypertext links for LaTeX
(/usr/share/texmf-dist/tex/generic/ltxcmds/ltxcmds.sty
Package: ltxcmds 2019/12/15 v1.24 LaTeX kernel commands for general use (HO)
) (/usr/share/texmf-dist/tex/generic/iftex/iftex.sty
Package: iftex 2020/03/06 v1.0d TeX engine tests
) (/usr/share/texmf-dist/tex/latex/pdftexcmds/pdftexcmds.sty
Package: pdftexcmds 2020-06-04 v0.32 Utility functions of pdfTeX for LuaTeX (HO)
(/usr/share/texmf-dist/tex/generic/infwarerr/infwarerr.sty
Package: infwarerr 2019/12/03 v1.5 Providing info/warning/error messages (HO)
)
Package pdftexcmds Info: \pdf@primitive is available.
Package pdftexcmds Info: \pdf@ifprimitive is available.
Package pdftexcmds Info: \pdfdraftmode found.
) (/usr/share/texmf-dist/tex/generic/kvsetkeys/kvsetkeys.sty
Package: kvsetkeys 2019/12/15 v1.18 Key value parser (HO)
) (/usr/share/texmf-dist/tex/generic/kvdefinekeys/kvdefinekeys.sty
Package: kvdefinekeys 2019-12-19 v1.6 Define keys (HO)
) (/usr/share/texmf-dist/tex/generic/pdfescape/pdfescape.sty
Package: pdfescape 2019/12/09 v1.15 Implements pdfTeX's escape features (HO)
) (/usr/share/texmf-dist/tex/latex/hycolor/hycolor.sty
Package: hycolor 2020-01-27 v1.10 Color options for hyperref/bookmark (HO)
) (/usr/share/texmf-dist/tex/latex/letltxmacro/letltxmacro.sty
Package: letltxmacro 2019/12/03 v1.6 Let assignment for LaTeX macros (HO)
) (/usr/share/texmf-dist/tex/latex/auxhook/auxhook.sty
Package: auxhook 2019-12-17 v1.6 Hooks for auxiliary files (HO)
) (/usr/share/texmf-dist/tex/latex/kvoptions/kvoptions.sty
Package: kvoptions 2019/11/29 v3.13 Key value format for package options (HO)
)
\@linkdim=\dimen152
\Hy@linkcounter=\count195
\Hy@pagecounter=\count196
(/usr/share/texmf-dist/tex/latex/hyperref/pd1enc.def
File: pd1enc.def 2020-05-15 v7.00e Hyperref: PDFDocEncoding definition (HO)
Now handling font encoding PD1 ...
... no UTF-8 mapping file for font encoding PD1
) (/usr/share/texmf-dist/tex/generic/intcalc/intcalc.sty
Package: intcalc 2019/12/15 v1.3 Expandable calculations with integers (HO)
) (/usr/share/texmf-dist/tex/generic/etexcmds/etexcmds.sty
Package: etexcmds 2019/12/15 v1.7 Avoid name clashes with e-TeX commands (HO)
)
\Hy@SavedSpaceFactor=\count197
Package hyperref Info: Hyper figures OFF on input line 4464.
Package hyperref Info: Link nesting OFF on input line 4469.
Package hyperref Info: Hyper index ON on input line 4472.
Package hyperref Info: Plain pages OFF on input line 4479.
Package hyperref Info: Backreferencing OFF on input line 4484.
Package hyperref Info: Implicit mode ON; LaTeX internals redefined.
Package hyperref Info: Bookmarks ON on input line 4717.
\c@Hy@tempcnt=\count198
(/usr/share/texmf-dist/tex/latex/url/url.sty
\Urlmuskip=\muskip17
Package: url 2013/09/16  ver 3.4  Verb mode for urls, etc.
)
LaTeX Info: Redefining \url on input line 5076.
\XeTeXLinkMargin=\dimen153
(/usr/share/texmf-dist/tex/generic/bitset/bitset.sty
Package: bitset 2019/12/09 v1.3 Handle bit-vector datatype (HO)
(/usr/share/texmf-dist/tex/generic/bigintcalc/bigintcalc.sty
Package: bigintcalc 2019/12/15 v1.5 Expandable calculations on big integers (HO)
))
\Fld@menulength=\count199
\Field@Width=\dimen154
\Fld@charsize=\dimen155
Package hyperref Info: Hyper figures OFF on input line 6347.
Package hyperref Info: Link nesting OFF on input line 6352.
Package hyperref Info: Hyper index ON on input line 6355.
Package hyperref Info: backreferencing OFF on input line 6362.
Package hyperref Info: Link coloring OFF on input line 6367.
Package hyperref Info: Link coloring with OCG OFF on input line 6372.
Package hyperref Info: PDF/A mode OFF on input line 6377.
LaTeX Info: Redefining \ref on input line 6417.
LaTeX Info: Redefining \pageref on input line 6421.
(/usr/share/texmf-dist/tex/generic/atbegshi/atbegshi.sty
Package: atbegshi 2019/12/05 v1.19 At begin shipout hook (HO)
)
\Hy@abspage=\count266
\c@Item=\count267
\c@Hfootnote=\count268
)
Package hyperref Info: Driver (autodetected): hpdftex.
(/usr/share/texmf-dist/tex/latex/hyperref/hpdftex.def
File: hpdftex.def 2020-05-15 v7.00e Hyperref driver for pdfTeX
(/usr/share/texmf-dist/tex/latex/atveryend/atveryend.sty
Package: atveryend 2019-12-11 v1.11 Hooks at the very end of document (HO)
Package atveryend Info: \enddocument detected (standard20110627).
)
\Fld@listcount=\count269
\c@bookmark@seq@number=\count270
(/usr/share/texmf-dist/tex/latex/rerunfilecheck/rerunfilecheck.sty
Package: rerunfilecheck 2019/12/05 v1.9 Rerun checks for auxiliary files (HO)
(/usr/share/texmf-dist/tex/generic/uniquecounter/uniquecounter.sty
Package: uniquecounter 2019/12/15 v1.4 Provide unlimited unique counter (HO)
)
Package uniquecounter Info: New unique counter `rerunfilecheck' on input line 286.
)
\Hy@SectionHShift=\skip59
) (/usr/share/texmf-dist/tex/latex/minted/minted.sty
Package: minted 2017/07/19 v2.5 Yet another Pygments shim for LaTeX
(/usr/share/texmf-dist/tex/latex/fvextra/fvextra.sty
Package: fvextra 2019/02/04 v1.4 fvextra - extensions and patches for fancyvrb
(/usr/share/texmf-dist/tex/latex/etoolbox/etoolbox.sty
Package: etoolbox 2019/09/21 v2.5h e-TeX tools for LaTeX (JAW)
\etb@tempcnta=\count271
) (/usr/share/texmf-dist/tex/latex/fancyvrb/fancyvrb.sty
Package: fancyvrb 2020/05/03 v3.6 verbatim text (tvz,hv)
\FV@CodeLineNo=\count272
\FV@InFile=\read2
\FV@TabBox=\box56
\c@FancyVerbLine=\count273
\FV@StepNumber=\count274
\FV@OutFile=\write3
) (/usr/share/texmf-dist/tex/latex/upquote/upquote.sty
Package: upquote 2012/04/19 v1.3 upright-quote and grave-accent glyphs in verbatim
) (/usr/share/texmf-dist/tex/latex/lineno/lineno.sty
Package: lineno 2005/11/02 line numbers on paragraphs v4.41
\linenopenalty=\count275
\output=\toks27
\linenoprevgraf=\count276
\linenumbersep=\dimen156
\linenumberwidth=\dimen157
\c@linenumber=\count277
\c@pagewiselinenumber=\count278
\c@LN@truepage=\count279
\c@internallinenumber=\count280
\c@internallinenumbers=\count281
\quotelinenumbersep=\dimen158
\bframerule=\dimen159
\bframesep=\dimen160
\bframebox=\box57
LaTeX Info: Redefining \\ on input line 3056.
)
\c@FV@TrueTabGroupLevel=\count282
\c@FV@TrueTabCounter=\count283
\FV@TabBox@Group=\box58
\FV@TmpLength=\skip60
\c@FV@HighlightLinesStart=\count284
\c@FV@HighlightLinesStop=\count285
\FV@LoopCount=\count286
\FV@NCharsBox=\box59
\FV@BreakIndent=\dimen161
\FV@BreakIndentNChars=\count287
\FV@BreakSymbolSepLeft=\dimen162
\FV@BreakSymbolSepLeftNChars=\count288
\FV@BreakSymbolSepRight=\dimen163
\FV@BreakSymbolSepRightNChars=\count289
\FV@BreakSymbolIndentLeft=\dimen164
\FV@BreakSymbolIndentLeftNChars=\count290
\FV@BreakSymbolIndentRight=\dimen165
\FV@BreakSymbolIndentRightNChars=\count291
\c@FancyVerbLineBreakLast=\count292
\FV@LineBox=\box60
\FV@LineIndentBox=\box61
\FV@LineWidth=\dimen166
) (/usr/share/texmf-dist/tex/latex/tools/calc.sty
Package: calc 2017/05/25 v4.3 Infix arithmetic (KKT,FJ)
\calc@Acount=\count293
\calc@Bcount=\count294
\calc@Adimen=\dimen167
\calc@Bdimen=\dimen168
\calc@Askip=\skip61
\calc@Bskip=\skip62
LaTeX Info: Redefining \setlength on input line 80.
LaTeX Info: Redefining \addtolength on input line 81.
\calc@Ccount=\count295
\calc@Cskip=\skip63
) (/usr/share/texmf-dist/tex/latex/tools/shellesc.sty
Package: shellesc 2019/11/08 v1.0c unified shell escape interface for LaTeX
Package shellesc Info: Unrestricted shell escape enabled on input line 75.
) (/usr/share/texmf-dist/tex/latex/ifplatform/ifplatform.sty
Package: ifplatform 2017/10/13 v0.4a Testing for the operating system
(/usr/share/texmf-dist/tex/generic/catchfile/catchfile.sty
Package: catchfile 2019/12/09 v1.8 Catch the contents of a file (HO)
) (/usr/share/texmf-dist/tex/generic/iftex/ifluatex.sty
Package: ifluatex 2019/10/25 v1.5 ifluatex legacy package. Use iftex instead.
)
runsystem(uname -s > "pythonQuant.w18")...executed.

(./pythonQuant.w18)
runsystem(rm -- "pythonQuant.w18")...executed.

) (/usr/share/texmf-dist/tex/generic/xstring/xstring.sty (/usr/share/texmf-dist/tex/generic/xstring/xstring.tex
\integerpart=\count296
\decimalpart=\count297
)
Package: xstring 2019/02/06 v1.83 String manipulations (CT)
) (/usr/share/texmf-dist/tex/latex/framed/framed.sty
Package: framed 2011/10/22 v 0.96: framed or shaded text with page breaks
\OuterFrameSep=\skip64
\fb@frw=\dimen169
\fb@frh=\dimen170
\FrameRule=\dimen171
\FrameSep=\dimen172
) (/usr/share/texmf-dist/tex/latex/float/float.sty
Package: float 2001/11/08 v1.3d Float enhancements (AL)
\c@float@type=\count298
\float@exts=\toks28
\float@box=\box62
\@float@everytoks=\toks29
\@floatcapt=\box63
)
\minted@appexistsfile=\read3
\minted@bgbox=\box64
\minted@code=\write4
\c@minted@FancyVerbLineTemp=\count299
\c@minted@pygmentizecounter=\count300
\@float@every@listing=\toks30
\c@listing=\count301
)
runsystem(mkdir -p _minted-pythonQuant)...executed.

(./Resources/style.sty

LaTeX Warning: You have requested package `./Resources/style',
               but the package provides `ScreenStyle'.

Package: ScreenStyle 
(/usr/share/texmf-dist/tex/latex/pgfplots/pgfplots.sty (/usr/share/texmf-dist/tex/generic/pgfplots/pgfplots.revision.tex)
Package: pgfplots 2020/02/29 v1.17 Data Visualization (1.17)
(/usr/share/texmf-dist/tex/latex/pgf/frontendlayer/tikz.sty (/usr/share/texmf-dist/tex/latex/pgf/basiclayer/pgf.sty (/usr/share/texmf-dist/tex/latex/pgf/utilities/pgfrcs.sty (/usr/share/texmf-dist/tex/generic/pgf/utilities/pgfutil-common.tex
\pgfutil@everybye=\toks31
\pgfutil@tempdima=\dimen173
\pgfutil@tempdimb=\dimen174
(/usr/share/texmf-dist/tex/generic/pgf/utilities/pgfutil-common-lists.tex)) (/usr/share/texmf-dist/tex/generic/pgf/utilities/pgfutil-latex.def
\pgfutil@abb=\box65
(/usr/share/texmf-dist/tex/latex/ms/everyshi.sty
Package: everyshi 2001/05/15 v3.00 EveryShipout Package (MS)
)) (/usr/share/texmf-dist/tex/generic/pgf/utilities/pgfrcs.code.tex (/usr/share/texmf-dist/tex/generic/pgf/pgf.revision.tex)
Package: pgfrcs 2020/01/08 v3.1.5b (3.1.5b)
))
Package: pgf 2020/01/08 v3.1.5b (3.1.5b)
(/usr/share/texmf-dist/tex/latex/pgf/basiclayer/pgfcore.sty (/usr/share/texmf-dist/tex/latex/pgf/systemlayer/pgfsys.sty (/usr/share/texmf-dist/tex/generic/pgf/systemlayer/pgfsys.code.tex
Package: pgfsys 2020/01/08 v3.1.5b (3.1.5b)
(/usr/share/texmf-dist/tex/generic/pgf/utilities/pgfkeys.code.tex
\pgfkeys@pathtoks=\toks32
\pgfkeys@temptoks=\toks33
(/usr/share/texmf-dist/tex/generic/pgf/utilities/pgfkeysfiltered.code.tex
\pgfkeys@tmptoks=\toks34
))
\pgf@x=\dimen175
\pgf@y=\dimen176
\pgf@xa=\dimen177
\pgf@ya=\dimen178
\pgf@xb=\dimen179
\pgf@yb=\dimen180
\pgf@xc=\dimen181
\pgf@yc=\dimen182
\pgf@xd=\dimen183
\pgf@yd=\dimen184
\w@pgf@writea=\write5
\r@pgf@reada=\read4
\c@pgf@counta=\count302
\c@pgf@countb=\count303
\c@pgf@countc=\count304
\c@pgf@countd=\count305
\t@pgf@toka=\toks35
\t@pgf@tokb=\toks36
\t@pgf@tokc=\toks37
\pgf@sys@id@count=\count306
(/usr/share/texmf-dist/tex/generic/pgf/systemlayer/pgf.cfg
File: pgf.cfg 2020/01/08 v3.1.5b (3.1.5b)
)
Driver file for pgf: pgfsys-pdftex.def
(/usr/share/texmf-dist/tex/generic/pgf/systemlayer/pgfsys-pdftex.def
File: pgfsys-pdftex.def 2020/01/08 v3.1.5b (3.1.5b)
(/usr/share/texmf-dist/tex/generic/pgf/systemlayer/pgfsys-common-pdf.def
File: pgfsys-common-pdf.def 2020/01/08 v3.1.5b (3.1.5b)
))) (/usr/share/texmf-dist/tex/generic/pgf/systemlayer/pgfsyssoftpath.code.tex
File: pgfsyssoftpath.code.tex 2020/01/08 v3.1.5b (3.1.5b)
\pgfsyssoftpath@smallbuffer@items=\count307
\pgfsyssoftpath@bigbuffer@items=\count308
) (/usr/share/texmf-dist/tex/generic/pgf/systemlayer/pgfsysprotocol.code.tex
File: pgfsysprotocol.code.tex 2020/01/08 v3.1.5b (3.1.5b)
)) (/usr/share/texmf-dist/tex/latex/xcolor/xcolor.sty
Package: xcolor 2016/05/11 v2.12 LaTeX color extensions (UK)
(/usr/share/texmf-dist/tex/latex/graphics-cfg/color.cfg
File: color.cfg 2016/01/02 v1.6 sample color configuration
)
Package xcolor Info: Driver file: pdftex.def on input line 225.
Package xcolor Info: Model `cmy' substituted by `cmy0' on input line 1348.
Package xcolor Info: Model `hsb' substituted by `rgb' on input line 1352.
Package xcolor Info: Model `RGB' extended on input line 1364.
Package xcolor Info: Model `HTML' substituted by `rgb' on input line 1366.
Package xcolor Info: Model `Hsb' substituted by `hsb' on input line 1367.
Package xcolor Info: Model `tHsb' substituted by `hsb' on input line 1368.
Package xcolor Info: Model `HSB' substituted by `hsb' on input line 1369.
Package xcolor Info: Model `Gray' substituted by `gray' on input line 1370.
Package xcolor Info: Model `wave' substituted by `hsb' on input line 1371.
) (/usr/share/texmf-dist/tex/generic/pgf/basiclayer/pgfcore.code.tex
Package: pgfcore 2020/01/08 v3.1.5b (3.1.5b)
(/usr/share/texmf-dist/tex/generic/pgf/math/pgfmath.code.tex (/usr/share/texmf-dist/tex/generic/pgf/math/pgfmathcalc.code.tex (/usr/share/texmf-dist/tex/generic/pgf/math/pgfmathutil.code.tex) (/usr/share/texmf-dist/tex/generic/pgf/math/pgfmathparser.code.tex
\pgfmath@dimen=\dimen185
\pgfmath@count=\count309
\pgfmath@box=\box66
\pgfmath@toks=\toks38
\pgfmath@stack@operand=\toks39
\pgfmath@stack@operation=\toks40
) (/usr/share/texmf-dist/tex/generic/pgf/math/pgfmathfunctions.code.tex (/usr/share/texmf-dist/tex/generic/pgf/math/pgfmathfunctions.basic.code.tex) (/usr/share/texmf-dist/tex/generic/pgf/math/pgfmathfunctions.trigonometric.code.tex) (/usr/share/texmf-dist/tex/generic/pgf/math/pgfmathfunctions.random.code.tex) (/usr/share/texmf-dist/tex/generic/pgf/math/pgfmathfunctions.comparison.code.tex) (/usr/share/texmf-dist/tex/generic/pgf/math/pgfmathfunctions.base.code.tex) (/usr/share/texmf-dist/tex/generic/pgf/math/pgfmathfunctions.round.code.tex) (/usr/share/texmf-dist/tex/generic/pgf/math/pgfmathfunctions.misc.code.tex) (/usr/share/texmf-dist/tex/generic/pgf/math/pgfmathfunctions.integerarithmetics.code.tex))) (/usr/share/texmf-dist/tex/generic/pgf/math/pgfmathfloat.code.tex
\c@pgfmathroundto@lastzeros=\count310
)) (/usr/share/texmf-dist/tex/generic/pgf/math/pgfint.code.tex) (/usr/share/texmf-dist/tex/generic/pgf/basiclayer/pgfcorepoints.code.tex
File: pgfcorepoints.code.tex 2020/01/08 v3.1.5b (3.1.5b)
\pgf@picminx=\dimen186
\pgf@picmaxx=\dimen187
\pgf@picminy=\dimen188
\pgf@picmaxy=\dimen189
\pgf@pathminx=\dimen190
\pgf@pathmaxx=\dimen191
\pgf@pathminy=\dimen192
\pgf@pathmaxy=\dimen193
\pgf@xx=\dimen194
\pgf@xy=\dimen195
\pgf@yx=\dimen196
\pgf@yy=\dimen197
\pgf@zx=\dimen198
\pgf@zy=\dimen199
) (/usr/share/texmf-dist/tex/generic/pgf/basiclayer/pgfcorepathconstruct.code.tex
File: pgfcorepathconstruct.code.tex 2020/01/08 v3.1.5b (3.1.5b)
\pgf@path@lastx=\dimen256
\pgf@path@lasty=\dimen257
) (/usr/share/texmf-dist/tex/generic/pgf/basiclayer/pgfcorepathusage.code.tex
File: pgfcorepathusage.code.tex 2020/01/08 v3.1.5b (3.1.5b)
\pgf@shorten@end@additional=\dimen258
\pgf@shorten@start@additional=\dimen259
) (/usr/share/texmf-dist/tex/generic/pgf/basiclayer/pgfcorescopes.code.tex
File: pgfcorescopes.code.tex 2020/01/08 v3.1.5b (3.1.5b)
\pgfpic=\box67
\pgf@hbox=\box68
\pgf@layerbox@main=\box69
\pgf@picture@serial@count=\count311
) (/usr/share/texmf-dist/tex/generic/pgf/basiclayer/pgfcoregraphicstate.code.tex
File: pgfcoregraphicstate.code.tex 2020/01/08 v3.1.5b (3.1.5b)
\pgflinewidth=\dimen260
) (/usr/share/texmf-dist/tex/generic/pgf/basiclayer/pgfcoretransformations.code.tex
File: pgfcoretransformations.code.tex 2020/01/08 v3.1.5b (3.1.5b)
\pgf@pt@x=\dimen261
\pgf@pt@y=\dimen262
\pgf@pt@temp=\dimen263
) (/usr/share/texmf-dist/tex/generic/pgf/basiclayer/pgfcorequick.code.tex
File: pgfcorequick.code.tex 2020/01/08 v3.1.5b (3.1.5b)
) (/usr/share/texmf-dist/tex/generic/pgf/basiclayer/pgfcoreobjects.code.tex
File: pgfcoreobjects.code.tex 2020/01/08 v3.1.5b (3.1.5b)
) (/usr/share/texmf-dist/tex/generic/pgf/basiclayer/pgfcorepathprocessing.code.tex
File: pgfcorepathprocessing.code.tex 2020/01/08 v3.1.5b (3.1.5b)
) (/usr/share/texmf-dist/tex/generic/pgf/basiclayer/pgfcorearrows.code.tex
File: pgfcorearrows.code.tex 2020/01/08 v3.1.5b (3.1.5b)
\pgfarrowsep=\dimen264
) (/usr/share/texmf-dist/tex/generic/pgf/basiclayer/pgfcoreshade.code.tex
File: pgfcoreshade.code.tex 2020/01/08 v3.1.5b (3.1.5b)
\pgf@max=\dimen265
\pgf@sys@shading@range@num=\count312
\pgf@shadingcount=\count313
) (/usr/share/texmf-dist/tex/generic/pgf/basiclayer/pgfcoreimage.code.tex
File: pgfcoreimage.code.tex 2020/01/08 v3.1.5b (3.1.5b)
(/usr/share/texmf-dist/tex/generic/pgf/basiclayer/pgfcoreexternal.code.tex
File: pgfcoreexternal.code.tex 2020/01/08 v3.1.5b (3.1.5b)
\pgfexternal@startupbox=\box70
)) (/usr/share/texmf-dist/tex/generic/pgf/basiclayer/pgfcorelayers.code.tex
File: pgfcorelayers.code.tex 2020/01/08 v3.1.5b (3.1.5b)
) (/usr/share/texmf-dist/tex/generic/pgf/basiclayer/pgfcoretransparency.code.tex
File: pgfcoretransparency.code.tex 2020/01/08 v3.1.5b (3.1.5b)
) (/usr/share/texmf-dist/tex/generic/pgf/basiclayer/pgfcorepatterns.code.tex
File: pgfcorepatterns.code.tex 2020/01/08 v3.1.5b (3.1.5b)
) (/usr/share/texmf-dist/tex/generic/pgf/basiclayer/pgfcorerdf.code.tex
File: pgfcorerdf.code.tex 2020/01/08 v3.1.5b (3.1.5b)
))) (/usr/share/texmf-dist/tex/generic/pgf/modules/pgfmoduleshapes.code.tex
File: pgfmoduleshapes.code.tex 2020/01/08 v3.1.5b (3.1.5b)
\pgfnodeparttextbox=\box71
) (/usr/share/texmf-dist/tex/generic/pgf/modules/pgfmoduleplot.code.tex
File: pgfmoduleplot.code.tex 2020/01/08 v3.1.5b (3.1.5b)
) (/usr/share/texmf-dist/tex/latex/pgf/compatibility/pgfcomp-version-0-65.sty
Package: pgfcomp-version-0-65 2020/01/08 v3.1.5b (3.1.5b)
\pgf@nodesepstart=\dimen266
\pgf@nodesepend=\dimen267
) (/usr/share/texmf-dist/tex/latex/pgf/compatibility/pgfcomp-version-1-18.sty
Package: pgfcomp-version-1-18 2020/01/08 v3.1.5b (3.1.5b)
)) (/usr/share/texmf-dist/tex/latex/pgf/utilities/pgffor.sty (/usr/share/texmf-dist/tex/latex/pgf/utilities/pgfkeys.sty (/usr/share/texmf-dist/tex/generic/pgf/utilities/pgfkeys.code.tex)) (/usr/share/texmf-dist/tex/latex/pgf/math/pgfmath.sty (/usr/share/texmf-dist/tex/generic/pgf/math/pgfmath.code.tex)) (/usr/share/texmf-dist/tex/generic/pgf/utilities/pgffor.code.tex
Package: pgffor 2020/01/08 v3.1.5b (3.1.5b)
(/usr/share/texmf-dist/tex/generic/pgf/math/pgfmath.code.tex)
\pgffor@iter=\dimen268
\pgffor@skip=\dimen269
\pgffor@stack=\toks41
\pgffor@toks=\toks42
)) (/usr/share/texmf-dist/tex/generic/pgf/frontendlayer/tikz/tikz.code.tex
Package: tikz 2020/01/08 v3.1.5b (3.1.5b)
(/usr/share/texmf-dist/tex/generic/pgf/libraries/pgflibraryplothandlers.code.tex
File: pgflibraryplothandlers.code.tex 2020/01/08 v3.1.5b (3.1.5b)
\pgf@plot@mark@count=\count314
\pgfplotmarksize=\dimen270
)
\tikz@lastx=\dimen271
\tikz@lasty=\dimen272
\tikz@lastxsaved=\dimen273
\tikz@lastysaved=\dimen274
\tikz@lastmovetox=\dimen275
\tikz@lastmovetoy=\dimen276
\tikzleveldistance=\dimen277
\tikzsiblingdistance=\dimen278
\tikz@figbox=\box72
\tikz@figbox@bg=\box73
\tikz@tempbox=\box74
\tikz@tempbox@bg=\box75
\tikztreelevel=\count315
\tikznumberofchildren=\count316
\tikznumberofcurrentchild=\count317
\tikz@fig@count=\count318
(/usr/share/texmf-dist/tex/generic/pgf/modules/pgfmodulematrix.code.tex
File: pgfmodulematrix.code.tex 2020/01/08 v3.1.5b (3.1.5b)
\pgfmatrixcurrentrow=\count319
\pgfmatrixcurrentcolumn=\count320
\pgf@matrix@numberofcolumns=\count321
)
\tikz@expandcount=\count322
(/usr/share/texmf-dist/tex/generic/pgf/frontendlayer/tikz/libraries/tikzlibrarytopaths.code.tex
File: tikzlibrarytopaths.code.tex 2020/01/08 v3.1.5b (3.1.5b)
))) (/usr/share/texmf-dist/tex/generic/pgfplots/pgfplots.code.tex (/usr/share/texmf-dist/tex/generic/pgfplots/pgfplotscore.code.tex
\t@pgfplots@toka=\toks43
\t@pgfplots@tokb=\toks44
\t@pgfplots@tokc=\toks45
\pgfplots@tmpa=\dimen279
\c@pgfplots@coordindex=\count323
\c@pgfplots@scanlineindex=\count324
(/usr/share/texmf-dist/tex/generic/pgfplots/sys/pgfplotssysgeneric.code.tex)) (/usr/share/texmf-dist/tex/generic/pgfplots/libs/pgfplotslibrary.code.tex) (/usr/share/texmf-dist/tex/generic/pgfplots/oldpgfcompatib/pgfplotsoldpgfsupp_loader.code.tex (/usr/share/texmf-dist/tex/generic/pgf/libraries/pgflibraryfpu.code.tex)) (/usr/share/texmf-dist/tex/generic/pgfplots/util/pgfplotsutil.code.tex (/usr/share/texmf-dist/tex/generic/pgfplots/liststructure/pgfplotsliststructure.code.tex) (/usr/share/texmf-dist/tex/generic/pgfplots/liststructure/pgfplotsliststructureext.code.tex) (/usr/share/texmf-dist/tex/generic/pgfplots/liststructure/pgfplotsarray.code.tex
\c@pgfplotsarray@tmp=\count325
) (/usr/share/texmf-dist/tex/generic/pgfplots/liststructure/pgfplotsmatrix.code.tex) (/usr/share/texmf-dist/tex/generic/pgfplots/numtable/pgfplotstableshared.code.tex
\c@pgfplotstable@counta=\count326
\t@pgfplotstable@a=\toks46
) (/usr/share/texmf-dist/tex/generic/pgfplots/liststructure/pgfplotsdeque.code.tex) (/usr/share/texmf-dist/tex/generic/pgfplots/util/pgfplotsbinary.code.tex (/usr/share/texmf-dist/tex/generic/pgfplots/util/pgfplotsbinary.data.code.tex)) (/usr/share/texmf-dist/tex/generic/pgfplots/util/pgfplotsutil.verb.code.tex) (/usr/share/texmf-dist/tex/generic/pgfplots/libs/pgflibrarypgfplots.surfshading.code.tex
\c@pgfplotslibrarysurf@no=\count327
(/usr/share/texmf-dist/tex/generic/pgfplots/sys/pgflibrarypgfplots.surfshading.pgfsys-pdftex.def))) (/usr/share/texmf-dist/tex/generic/pgfplots/util/pgfplotscolormap.code.tex (/usr/share/texmf-dist/tex/generic/pgfplots/util/pgfplotscolor.code.tex)) (/usr/share/texmf-dist/tex/generic/pgfplots/pgfplotsstackedplots.code.tex) (/usr/share/texmf-dist/tex/generic/pgfplots/pgfplotsplothandlers.code.tex (/usr/share/texmf-dist/tex/generic/pgfplots/pgfplotsmeshplothandler.code.tex (/usr/share/texmf-dist/tex/generic/pgfplots/pgfplotsmeshplotimage.code.tex))) (/usr/share/texmf-dist/tex/generic/pgfplots/pgfplots.scaling.code.tex) (/usr/share/texmf-dist/tex/generic/pgfplots/pgfplotscoordprocessing.code.tex) (/usr/share/texmf-dist/tex/generic/pgfplots/pgfplots.errorbars.code.tex) (/usr/share/texmf-dist/tex/generic/pgfplots/pgfplots.markers.code.tex) (/usr/share/texmf-dist/tex/generic/pgfplots/pgfplotsticks.code.tex) (/usr/share/texmf-dist/tex/generic/pgfplots/pgfplots.paths.code.tex) (/usr/share/texmf-dist/tex/generic/pgf/frontendlayer/tikz/libraries/tikzlibrarydecorations.code.tex (/usr/share/texmf-dist/tex/generic/pgf/modules/pgfmoduledecorations.code.tex
\pgfdecoratedcompleteddistance=\dimen280
\pgfdecoratedremainingdistance=\dimen281
\pgfdecoratedinputsegmentcompleteddistance=\dimen282
\pgfdecoratedinputsegmentremainingdistance=\dimen283
\pgf@decorate@distancetomove=\dimen284
\pgf@decorate@repeatstate=\count328
\pgfdecorationsegmentamplitude=\dimen285
\pgfdecorationsegmentlength=\dimen286
)
\tikz@lib@dec@box=\box76
) (/usr/share/texmf-dist/tex/generic/pgf/frontendlayer/tikz/libraries/tikzlibrarydecorations.pathmorphing.code.tex (/usr/share/texmf-dist/tex/generic/pgf/libraries/decorations/pgflibrarydecorations.pathmorphing.code.tex)) (/usr/share/texmf-dist/tex/generic/pgf/frontendlayer/tikz/libraries/tikzlibrarydecorations.pathreplacing.code.tex (/usr/share/texmf-dist/tex/generic/pgf/libraries/decorations/pgflibrarydecorations.pathreplacing.code.tex))
\pgfplots@numplots=\count329
\pgfplots@xmin@reg=\dimen287
\pgfplots@xmax@reg=\dimen288
\pgfplots@ymin@reg=\dimen289
\pgfplots@ymax@reg=\dimen290
\pgfplots@zmin@reg=\dimen291
\pgfplots@zmax@reg=\dimen292
) (/usr/share/texmf-dist/tex/generic/pgf/frontendlayer/tikz/libraries/tikzlibraryplotmarks.code.tex
File: tikzlibraryplotmarks.code.tex 2020/01/08 v3.1.5b (3.1.5b)
(/usr/share/texmf-dist/tex/generic/pgf/libraries/pgflibraryplotmarks.code.tex
File: pgflibraryplotmarks.code.tex 2020/01/08 v3.1.5b (3.1.5b)
))) (/usr/share/texmf-dist/tex/latex/comment/comment.sty
\CommentStream=\write6
Excluding comment 'comment') (/usr/share/texmf-dist/tex/latex/import/import.sty
Package: import 2020/04/01  v 6.2
) (/usr/share/texmf-dist/tex/latex/pstricks/pstricks.sty
Package: pstricks 2018/12/21 v0.69 LaTeX wrapper for `PSTricks' (RN,HV)
(/usr/share/texmf-dist/tex/generic/xkeyval/pst-xkey.tex
File: pst-xkey.tex 2005/11/25 v1.6 PSTricks specialization of xkeyval (HA)
(/usr/share/texmf-dist/tex/latex/xkeyval/xkeyval.sty
Package: xkeyval 2014/12/03 v2.7a package option processing (HA)
(/usr/share/texmf-dist/tex/generic/xkeyval/xkeyval.tex (/usr/share/texmf-dist/tex/generic/xkeyval/xkvutils.tex
\XKV@toks=\toks47
\XKV@tempa@toks=\toks48
)
\XKV@depth=\count330
File: xkeyval.tex 2014/12/03 v2.7a key=value parser (HA)
))) (/usr/share/texmf-dist/tex/generic/pstricks/pstricks.tex (/usr/share/texmf-dist/tex/generic/pstricks/pst-fp.tex `pst-fp' v0.05, 2010/01/17 (hv)
\pstFP@xs=\count331
\pstFP@xia=\count332
\pstFP@xib=\count333
\pstFP@xfa=\count334
\pstFP@xfb=\count335
\pstFP@rega=\count336
\pstFP@regb=\count337
\pstFP@regs=\count338
\pstFP@times=\count339
)
\psLoopIndex=\count340
`PSTricks' v2.97  <2019/05/11> (tvz,hv)
\pst@dima=\dimen293
\pst@dimb=\dimen294
\pst@dimc=\dimen295
\pst@dimd=\dimen296
\pst@dimg=\dimen297
\pst@dimh=\dimen298
\pst@dimm=\dimen299
\pst@dimn=\dimen300
\pst@dimo=\dimen301
\pst@dimp=\dimen302
\pst@hbox=\box77
\pst@ibox=\box78
\pst@boxg=\box79
\pst@cnta=\count341
\pst@cntb=\count342
\pst@cntc=\count343
\pst@cntd=\count344
\pst@cntg=\count345
\pst@cnth=\count346
\pst@cntm=\count347
\pst@cntn=\count348
\pst@cnto=\count349
\pst@cntp=\count350
\@zero=\count351
\pst@toks=\toks49
(/usr/share/texmf-dist/tex/generic/pstricks/pstricks.con)
\psunit=\dimen303
\psxunit=\dimen304
\psyunit=\dimen305
\pst@C@@rType=\count352
\pslinewidth=\dimen306
\psk@startLW=\dimen307
\psk@endLW=\dimen308
\pst@customdefs=\toks50
\pslinearc=\dimen309
\pst@symbolStep=\dimen310
\pst@symbolWidth=\dimen311
\pst@symbolLinewidth=\dimen312
\everypsbox=\toks51
\psframesep=\dimen313
\pslabelsep=\dimen314
\sh@wgridXunit=\dimen315
\sh@wgridYunit=\dimen316
\pst@shift=\dimen317
)
File: pstricks.tex 2019/05/11 v2.97 `PSTricks' (tvz,hv)
(/usr/share/texmf-dist/tex/generic/pstricks/pst-fp.tex)
File: pst-fp.tex 2019/05/11 v2.97 `PST-fp' (hv)
) (/usr/share/texmf-dist/tex/latex/breqn/breqn.sty (/usr/share/texmf-dist/tex/latex/l3kernel/expl3.sty
Package: expl3 2020-06-03 L3 programming layer (loader) 
(/usr/share/texmf-dist/tex/latex/l3backend/l3backend-pdfmode.def
File: l3backend-pdfmode.def 2020-06-03 L3 backend support: PDF mode
\l__kernel_color_stack_int=\count353
\l__pdf_internal_box=\box80
))
Package: breqn 2020/04/19 v0.98j Breaking equations
(/usr/share/texmf-dist/tex/latex/breqn/flexisym.sty
Package: flexisym 2020/04/19 v0.98j Make math characters macros
LaTeX Info: Redefining \textprime on input line 298.
LaTeX Info: Redefining \not on input line 356.
(/usr/share/texmf-dist/tex/latex/breqn/cmbase.sym
File: cmbase.sym 2007/12/19 v0.92
LaTeX Info: Redefining \hbar on input line 323.
LaTeX Info: Redefining \surd on input line 325.
LaTeX Info: Redefining \angle on input line 333.
LaTeX Info: Redefining \neq on input line 334.
LaTeX Info: Redefining \mapsto on input line 335.
LaTeX Info: Redefining \cong on input line 336.
LaTeX Info: Redefining \notin on input line 339.
LaTeX Info: Redefining \rightleftharpoons on input line 340.
LaTeX Info: Redefining \doteq on input line 341.
LaTeX Info: Redefining \hookrightarrow on input line 342.
LaTeX Info: Redefining \hookleftarrow on input line 343.
LaTeX Info: Redefining \bowtie on input line 344.
LaTeX Info: Redefining \models on input line 345.
LaTeX Info: Redefining \Longrightarrow on input line 346.
LaTeX Info: Redefining \longrightarrow on input line 347.
LaTeX Info: Redefining \Longleftarrow on input line 348.
LaTeX Info: Redefining \longleftarrow on input line 349.
LaTeX Info: Redefining \longmapsto on input line 350.
LaTeX Info: Redefining \longleftrightarrow on input line 351.
LaTeX Info: Redefining \Longleftrightarrow on input line 352.
LaTeX Info: Redefining \cdots on input line 356.
LaTeX Info: Redefining \vdots on input line 359.
LaTeX Info: Redefining \ddots on input line 364.
) (/usr/share/texmf-dist/tex/latex/breqn/mathstyle.sty
Package: mathstyle 2020/04/19 v0.98j Tracking mathstyle implicitly
LaTeX Info: Redefining \displaystyle on input line 94.
LaTeX Info: Redefining \textstyle on input line 96.
LaTeX Info: Redefining \scriptstyle on input line 98.
LaTeX Info: Redefining \scriptscriptstyle on input line 100.
LaTeX Info: Redefining \genfrac on input line 148.
))
\inf@bad=\count354
\maxint=\count355
\listwidth=\dimen318
\eqnumsep=\dimen319
\eqmargin=\dimen320
\eqlinespacing=\skip65
\eqlineskip=\skip66
\eqlineskiplimit=\dimen321
\eqbinoffset=\muskip18
\eqdelimoffset=\muskip19
\eqindentstep=\dimen322
\eqstyle=\toks52
\eqbreakdepth=\count356
\eqinterlinepenalty=\count357
\intereqpenalty=\count358
\intereqskip=\skip67
\prerelpenalty=\count359
\prebinoppenalty=\count360
\Dmedmuskip=\muskip20
\Dthickmuskip=\muskip21
\eqleftskip=\skip68
\eqrightskip=\skip69
\eq@vspan=\skip70
\eq@binoffset=\muskip22
\EQ@box=\box81
\EQ@copy=\box82
\EQ@numbox=\box83
\eq@wdNum=\dimen323
\GRP@numbox=\box84
\grp@wdNum=\dimen324
\eq@lines=\count361
\eq@curline=\count362
\eq@badness=\count363
\EQ@vims=\count364
\eq@dp=\dimen325
\eq@wdL=\dimen326
\eq@wdT=\dimen327
\eq@wdMin=\dimen328
\grp@wdL=\dimen329
\grp@wdR=\dimen330
\grp@wdT=\dimen331
\eq@wdRmax=\dimen332
\eq@firstht=\dimen333
\eq@wdCond=\dimen334
\eq@indentstep=\dimen335
\eq@linewidth=\dimen336
\grp@linewidth=\dimen337
\eq@hshift=\dimen338
\eq@given@sidespace=\dimen339
\mathindent=\dimen340
\eq@final@linecount=\count365
\eq@wdR=\dimen341
\EQ@continue=\toks53
\lr@level=\count366
\GRP@queue=\toks54
\GRP@box=\box85
\GRP@wholebox=\box86
\darraycolsep=\skip71
\cur@row=\count367
\cur@col=\count368
\conditionsep=\skip72
) (/usr/share/texmf-dist/tex/latex/base/fontenc.sty
Package: fontenc 2020/02/11 v2.0o Standard LaTeX package
) (/usr/share/texmf-dist/tex/latex/sectsty/sectsty.sty
Package: sectsty 2002/02/25 v2.0.2 Commands to change all sectional heading styles

LaTeX Warning: Command \underbar  has changed.
               Check if current package is valid.


LaTeX Warning: Command \underline  has changed.
               Check if current package is valid.

) (/usr/share/texmf-dist/tex/latex/lm/lmodern.sty
Package: lmodern 2009/10/30 v1.6 Latin Modern Fonts
LaTeX Font Info:    Overwriting symbol font `operators' in version `normal'
(Font)                  OT1/cmr/m/n --> OT1/lmr/m/n on input line 22.
LaTeX Font Info:    Overwriting symbol font `letters' in version `normal'
(Font)                  OML/cmm/m/it --> OML/lmm/m/it on input line 23.
LaTeX Font Info:    Overwriting symbol font `symbols' in version `normal'
(Font)                  OMS/cmsy/m/n --> OMS/lmsy/m/n on input line 24.
LaTeX Font Info:    Overwriting symbol font `largesymbols' in version `normal'
(Font)                  OMX/cmex/m/n --> OMX/lmex/m/n on input line 25.
LaTeX Font Info:    Overwriting symbol font `operators' in version `bold'
(Font)                  OT1/cmr/bx/n --> OT1/lmr/bx/n on input line 26.
LaTeX Font Info:    Overwriting symbol font `letters' in version `bold'
(Font)                  OML/cmm/b/it --> OML/lmm/b/it on input line 27.
LaTeX Font Info:    Overwriting symbol font `symbols' in version `bold'
(Font)                  OMS/cmsy/b/n --> OMS/lmsy/b/n on input line 28.
LaTeX Font Info:    Overwriting symbol font `largesymbols' in version `bold'
(Font)                  OMX/cmex/m/n --> OMX/lmex/m/n on input line 29.
LaTeX Font Info:    Overwriting math alphabet `\mathbf' in version `normal'
(Font)                  OT1/cmr/bx/n --> OT1/lmr/bx/n on input line 31.
LaTeX Font Info:    Overwriting math alphabet `\mathsf' in version `normal'
(Font)                  OT1/cmss/m/n --> OT1/lmss/m/n on input line 32.
LaTeX Font Info:    Overwriting math alphabet `\mathit' in version `normal'
(Font)                  OT1/cmr/m/it --> OT1/lmr/m/it on input line 33.
LaTeX Font Info:    Overwriting math alphabet `\mathtt' in version `normal'
(Font)                  OT1/cmtt/m/n --> OT1/lmtt/m/n on input line 34.
LaTeX Font Info:    Overwriting math alphabet `\mathbf' in version `bold'
(Font)                  OT1/cmr/bx/n --> OT1/lmr/bx/n on input line 35.
LaTeX Font Info:    Overwriting math alphabet `\mathsf' in version `bold'
(Font)                  OT1/cmss/bx/n --> OT1/lmss/bx/n on input line 36.
LaTeX Font Info:    Overwriting math alphabet `\mathit' in version `bold'
(Font)                  OT1/cmr/bx/it --> OT1/lmr/bx/it on input line 37.
LaTeX Font Info:    Overwriting math alphabet `\mathtt' in version `bold'
(Font)                  OT1/cmtt/m/n --> OT1/lmtt/m/n on input line 38.
) (/usr/share/texmf-dist/tex/latex/enumitem/enumitem.sty
Package: enumitem 2019/06/20 v3.9 Customized lists
\labelindent=\skip73
\enit@outerparindent=\dimen342
\enit@toks=\toks55
\enit@inbox=\box87
\enit@count@id=\count369
\enitdp@description=\count370
) (/usr/share/texmf-dist/tex/generic/iftex/ifxetex.sty
Package: ifxetex 2019/10/25 v0.7 ifxetex legacy package. Use iftex instead.
) (/usr/share/texmf-dist/tex/latex/lipsum/lipsum.sty (/usr/share/texmf-dist/tex/latex/l3packages/xparse/xparse.sty
Package: xparse 2020-05-15 L3 Experimental document command parser
(/usr/share/texmf-dist/tex/latex/l3packages/xparse/xparse-generic.tex
\l__xparse_current_arg_int=\count371
\g__xparse_grabber_int=\count372
\l__xparse_m_args_int=\count373
\l__xparse_v_nesting_int=\count374
))
Package: lipsum 2019/01/02 v2.2 150 paragraphs of Lorem Ipsum dummy text
(/usr/share/texmf-dist/tex/latex/lipsum/lipsum.ltd.tex
File: lipsum.ltd.tex 2019/01/02 v2.2 The Lorem ipsum dummy text
)) (/usr/share/texmf-dist/tex/latex/base/fontenc.sty
Package: fontenc 2020/02/11 v2.0o Standard LaTeX package
LaTeX Font Info:    Trying to load font information for T1+lmr on input line 112.
(/usr/share/texmf-dist/tex/latex/lm/t1lmr.fd
File: t1lmr.fd 2009/10/30 v1.6 Font defs for Latin Modern
)) (/usr/share/texmf-dist/tex/latex/geometry/geometry.sty
Package: geometry 2020/01/02 v5.9 Page Geometry
(/usr/share/texmf-dist/tex/generic/iftex/ifvtex.sty
Package: ifvtex 2019/10/25 v1.7 ifvtex legacy package. Use iftex instead.
)
\Gm@cnth=\count375
\Gm@cntv=\count376
\c@Gm@tempcnt=\count377
\Gm@bindingoffset=\dimen343
\Gm@wd@mp=\dimen344
\Gm@odd@mp=\dimen345
\Gm@even@mp=\dimen346
\Gm@layoutwidth=\dimen347
\Gm@layoutheight=\dimen348
\Gm@layouthoffset=\dimen349
\Gm@layoutvoffset=\dimen350
\Gm@dimlist=\toks56
) (/usr/share/texmf-dist/tex/latex/amscls/amsthm.sty
Package: amsthm 2020/05/29 v2.20.6
\thm@style=\toks57
\thm@bodyfont=\toks58
\thm@headfont=\toks59
\thm@notefont=\toks60
\thm@headpunct=\toks61
\thm@preskip=\skip74
\thm@postskip=\skip75
\thm@headsep=\skip76
\dth@everypar=\toks62
) (/usr/share/texmf-dist/tex/latex/biblatex/biblatex.sty
Package: biblatex 2019/12/01 v3.14 programmable bibliographies (PK/MW)
(/usr/share/texmf-dist/tex/latex/logreq/logreq.sty
Package: logreq 2010/08/04 v1.0 xml request logger
\lrq@indent=\count378
(/usr/share/texmf-dist/tex/latex/logreq/logreq.def
File: logreq.def 2010/08/04 v1.0 logreq spec v1.0
))
\c@tabx@nest=\count379
\c@listtotal=\count380
\c@listcount=\count381
\c@liststart=\count382
\c@liststop=\count383
\c@citecount=\count384
\c@citetotal=\count385
\c@multicitecount=\count386
\c@multicitetotal=\count387
\c@instcount=\count388
\c@maxnames=\count389
\c@minnames=\count390
\c@maxitems=\count391
\c@minitems=\count392
\c@citecounter=\count393
\c@maxcitecounter=\count394
\c@savedcitecounter=\count395
\c@uniquelist=\count396
\c@uniquename=\count397
\c@refsection=\count398
\c@refsegment=\count399
\c@maxextratitle=\count400
\c@maxextratitleyear=\count401
\c@maxextraname=\count402
\c@maxextradate=\count403
\c@maxextraalpha=\count404
\c@abbrvpenalty=\count405
\c@highnamepenalty=\count406
\c@lownamepenalty=\count407
\c@maxparens=\count408
\c@parenlevel=\count409
\blx@tempcnta=\count410
\blx@tempcntb=\count411
\blx@tempcntc=\count412
\blx@maxsection=\count413
\blx@maxsegment@0=\count414
\blx@notetype=\count415
\blx@parenlevel@text=\count416
\blx@parenlevel@foot=\count417
\blx@sectionciteorder@0=\count418
\blx@entrysetcounter=\count419
\labelnumberwidth=\skip77
\labelalphawidth=\skip78
\biblabelsep=\skip79
\bibitemsep=\skip80
\bibnamesep=\skip81
\bibinitsep=\skip82
\bibparsep=\skip83
\bibhang=\skip84
\blx@bcfin=\read5
\blx@bcfout=\write7
\blx@langwohyphens=\language86
\c@mincomprange=\count420
\c@maxcomprange=\count421
\c@mincompwidth=\count422
Package biblatex Info: Trying to load biblatex default data model...
Package biblatex Info: ... file 'blx-dm.def' found.
(/usr/share/texmf-dist/tex/latex/biblatex/blx-dm.def
File: blx-dm.def 2019/12/01 v3.14 biblatex localization (PK/MW)
)
Package biblatex Info: Trying to load biblatex citestyle data model...
Package biblatex Info: ... file 'numeric.dbx' not found.
Package biblatex Info: Trying to load biblatex custom data model...
Package biblatex Info: ... file 'biblatex-dm.cfg' not found.
\c@afterword=\count423
\c@savedafterword=\count424
\c@annotator=\count425
\c@savedannotator=\count426
\c@author=\count427
\c@savedauthor=\count428
\c@bookauthor=\count429
\c@savedbookauthor=\count430
\c@commentator=\count431
\c@savedcommentator=\count432
\c@editor=\count433
\c@savededitor=\count434
\c@editora=\count435
\c@savededitora=\count436
\c@editorb=\count437
\c@savededitorb=\count438
\c@editorc=\count439
\c@savededitorc=\count440
\c@foreword=\count441
\c@savedforeword=\count442
\c@holder=\count443
\c@savedholder=\count444
\c@introduction=\count445
\c@savedintroduction=\count446
\c@namea=\count447
\c@savednamea=\count448
\c@nameb=\count449
\c@savednameb=\count450
\c@namec=\count451
\c@savednamec=\count452
\c@translator=\count453
\c@savedtranslator=\count454
\c@shortauthor=\count455
\c@savedshortauthor=\count456
\c@shorteditor=\count457
\c@savedshorteditor=\count458
\c@labelname=\count459
\c@savedlabelname=\count460
\c@institution=\count461
\c@savedinstitution=\count462
\c@lista=\count463
\c@savedlista=\count464
\c@listb=\count465
\c@savedlistb=\count466
\c@listc=\count467
\c@savedlistc=\count468
\c@listd=\count469
\c@savedlistd=\count470
\c@liste=\count471
\c@savedliste=\count472
\c@listf=\count473
\c@savedlistf=\count474
\c@location=\count475
\c@savedlocation=\count476
\c@organization=\count477
\c@savedorganization=\count478
\c@origlocation=\count479
\c@savedoriglocation=\count480
\c@origpublisher=\count481
\c@savedorigpublisher=\count482
\c@publisher=\count483
\c@savedpublisher=\count484
\c@language=\count485
\c@savedlanguage=\count486
\c@origlanguage=\count487
\c@savedoriglanguage=\count488
\c@pageref=\count489
\c@savedpageref=\count490
\shorthandwidth=\skip85
\shortjournalwidth=\skip86
\shortserieswidth=\skip87
\shorttitlewidth=\skip88
\shortauthorwidth=\skip89
\shorteditorwidth=\skip90
\locallabelnumberwidth=\skip91
\locallabelalphawidth=\skip92
\localshorthandwidth=\skip93
\localshortjournalwidth=\skip94
\localshortserieswidth=\skip95
\localshorttitlewidth=\skip96
\localshortauthorwidth=\skip97
\localshorteditorwidth=\skip98
Package biblatex Info: Trying to load compatibility code...
Package biblatex Info: ... file 'blx-compat.def' found.
(/usr/share/texmf-dist/tex/latex/biblatex/blx-compat.def
File: blx-compat.def 2019/12/01 v3.14 biblatex compatibility (PK/MW)
)
Package biblatex Info: Trying to load generic definitions...
Package biblatex Info: ... file 'biblatex.def' found.
(/usr/share/texmf-dist/tex/latex/biblatex/biblatex.def
File: biblatex.def 2019/12/01 v3.14 biblatex compatibility (PK/MW)
\c@textcitecount=\count491
\c@textcitetotal=\count492
\c@textcitemaxnames=\count493
\c@biburlbigbreakpenalty=\count494
\c@biburlbreakpenalty=\count495
\c@biburlnumpenalty=\count496
\c@biburlucpenalty=\count497
\c@biburllcpenalty=\count498
\biburlbigskip=\muskip23
\biburlnumskip=\muskip24
\biburlucskip=\muskip25
\biburllcskip=\muskip26
\c@smartand=\count499
)
Package biblatex Info: Trying to load natbib compatibility...
Package biblatex Info: ... file 'blx-natbib.def' found.
(/usr/share/texmf-dist/tex/latex/biblatex/blx-natbib.def
File: blx-natbib.def 2019/12/01 v3.14 biblatex compatibility (PK/MW)
Package biblatex Info: Delimiter 'nameyeardelim' in context '' already defined, overwriting.
)
Package biblatex Info: Trying to load bibliography style 'numeric'...
Package biblatex Info: ... file 'numeric.bbx' found.
(/usr/share/texmf-dist/tex/latex/biblatex/bbx/numeric.bbx
File: numeric.bbx 2019/12/01 v3.14 biblatex bibliography style (PK/MW)
Package biblatex Info: Trying to load bibliography style 'standard'...
Package biblatex Info: ... file 'standard.bbx' found.
(/usr/share/texmf-dist/tex/latex/biblatex/bbx/standard.bbx
File: standard.bbx 2019/12/01 v3.14 biblatex bibliography style (PK/MW)
\c@bbx:relatedcount=\count500
\c@bbx:relatedtotal=\count501
))
Package biblatex Info: Trying to load citation style 'numeric'...
Package biblatex Info: ... file 'numeric.cbx' found.
(/usr/share/texmf-dist/tex/latex/biblatex/cbx/numeric.cbx
File: numeric.cbx 2019/12/01 v3.14 biblatex citation style (PK/MW)
Package biblatex Info: Redefining '\cite'.
Package biblatex Info: Redefining '\parencite'.
Package biblatex Info: Redefining '\footcite'.
Package biblatex Info: Redefining '\footcitetext'.
Package biblatex Info: Redefining '\smartcite'.
Package biblatex Info: Redefining '\supercite'.
Package biblatex Info: Redefining '\textcite'.
Package biblatex Info: Redefining '\textcites'.
Package biblatex Info: Redefining '\cites'.
Package biblatex Info: Redefining '\parencites'.
Package biblatex Info: Redefining '\smartcites'.
)
Package biblatex Info: Trying to load configuration file...
Package biblatex Info: ... file 'biblatex.cfg' found.
(/usr/share/texmf-dist/tex/latex/biblatex/biblatex.cfg
File: biblatex.cfg 
)) (/usr/share/texmf-dist/tex/latex/natbib/bibentry.sty
Package: bibentry 2007/10/30 1.5 (PWD)
)
Package hyperref Info: Option `colorlinks' set `true' on input line 70.
Package hyperref Info: Option `colorlinks' set `true' on input line 70.

Package hyperref Warning: Option `backref' has already been used,
(hyperref)                setting the option has no effect on input line 70.

(/usr/share/texmf-dist/tex/latex/titlesec/titlesec.sty
Package: titlesec 2019/10/16 v2.13 Sectioning titles
\ttl@box=\box88
\beforetitleunit=\skip99
\aftertitleunit=\skip100
\ttl@plus=\dimen351
\ttl@minus=\dimen352
\ttl@toksa=\toks63
\titlewidth=\dimen353
\titlewidthlast=\dimen354
\titlewidthfirst=\dimen355
)
LaTeX Font Info:    Trying to load font information for T1+cmss on input line 124.
(/usr/share/texmf-dist/tex/latex/base/t1cmss.fd
File: t1cmss.fd 2019/12/16 v2.5j Standard LaTeX font definitions
) (/usr/share/texmf-dist/tex/latex/listings/listings.sty
\lst@mode=\count502
\lst@gtempboxa=\box89
\lst@token=\toks64
\lst@length=\count503
\lst@currlwidth=\dimen356
\lst@column=\count504
\lst@pos=\count505
\lst@lostspace=\dimen357
\lst@width=\dimen358
\lst@newlines=\count506
\lst@lineno=\count507
\lst@maxwidth=\dimen359
(/usr/share/texmf-dist/tex/latex/listings/lstmisc.sty
File: lstmisc.sty 2020/03/24 1.8d (Carsten Heinz)
\c@lstnumber=\count508
\lst@skipnumbers=\count509
\lst@framebox=\box90
) (/usr/share/texmf-dist/tex/latex/listings/listings.cfg
File: listings.cfg 2020/03/24 1.8d listings configuration
))
Package: listings 2020/03/24 1.8d (Carsten Heinz)
(/usr/share/texmf-dist/tex/latex/listings/lstlang1.sty
File: lstlang1.sty 2020/03/24 1.8d listings language file
) (/usr/share/texmf-dist/tex/latex/mdframed/mdframed.sty
Package: mdframed 2013/07/01 1.9b: mdframed
(/usr/share/texmf-dist/tex/latex/zref/zref-abspage.sty
Package: zref-abspage 2020-05-28 v2.31 Module abspage for zref (HO)
(/usr/share/texmf-dist/tex/latex/zref/zref-base.sty
Package: zref-base 2020-05-28 v2.31 Module base for zref (HO)
Package zref Info: New property list: main on input line 763.
Package zref Info: New property: default on input line 764.
Package zref Info: New property: page on input line 765.
)
\c@abspage=\count510
Package zref Info: New property: abspage on input line 66.
) (/usr/share/texmf-dist/tex/latex/needspace/needspace.sty
Package: needspace 2010/09/12 v1.3d reserve vertical space
)
\mdf@templength=\skip101
\c@mdf@globalstyle@cnt=\count511
\mdf@skipabove@length=\skip102
\mdf@skipbelow@length=\skip103
\mdf@leftmargin@length=\skip104
\mdf@rightmargin@length=\skip105
\mdf@innerleftmargin@length=\skip106
\mdf@innerrightmargin@length=\skip107
\mdf@innertopmargin@length=\skip108
\mdf@innerbottommargin@length=\skip109
\mdf@splittopskip@length=\skip110
\mdf@splitbottomskip@length=\skip111
\mdf@outermargin@length=\skip112
\mdf@innermargin@length=\skip113
\mdf@linewidth@length=\skip114
\mdf@innerlinewidth@length=\skip115
\mdf@middlelinewidth@length=\skip116
\mdf@outerlinewidth@length=\skip117
\mdf@roundcorner@length=\skip118
\mdf@footenotedistance@length=\skip119
\mdf@userdefinedwidth@length=\skip120
\mdf@needspace@length=\skip121
\mdf@frametitleaboveskip@length=\skip122
\mdf@frametitlebelowskip@length=\skip123
\mdf@frametitlerulewidth@length=\skip124
\mdf@frametitleleftmargin@length=\skip125
\mdf@frametitlerightmargin@length=\skip126
\mdf@shadowsize@length=\skip127
\mdf@extratopheight@length=\skip128
\mdf@subtitleabovelinewidth@length=\skip129
\mdf@subtitlebelowlinewidth@length=\skip130
\mdf@subtitleaboveskip@length=\skip131
\mdf@subtitlebelowskip@length=\skip132
\mdf@subtitleinneraboveskip@length=\skip133
\mdf@subtitleinnerbelowskip@length=\skip134
\mdf@subsubtitleabovelinewidth@length=\skip135
\mdf@subsubtitlebelowlinewidth@length=\skip136
\mdf@subsubtitleaboveskip@length=\skip137
\mdf@subsubtitlebelowskip@length=\skip138
\mdf@subsubtitleinneraboveskip@length=\skip139
\mdf@subsubtitleinnerbelowskip@length=\skip140
(/usr/share/texmf-dist/tex/latex/mdframed/md-frame-0.mdf
File: md-frame-0.mdf 2013/07/01\ 1.9b: md-frame-0
)
\mdf@frametitlebox=\box91
\mdf@footnotebox=\box92
\mdf@splitbox@one=\box93
\mdf@splitbox@two=\box94
\mdf@splitbox@save=\box95
\mdfsplitboxwidth=\skip141
\mdfsplitboxtotalwidth=\skip142
\mdfsplitboxheight=\skip143
\mdfsplitboxdepth=\skip144
\mdfsplitboxtotalheight=\skip145
\mdfframetitleboxwidth=\skip146
\mdfframetitleboxtotalwidth=\skip147
\mdfframetitleboxheight=\skip148
\mdfframetitleboxdepth=\skip149
\mdfframetitleboxtotalheight=\skip150
\mdffootnoteboxwidth=\skip151
\mdffootnoteboxtotalwidth=\skip152
\mdffootnoteboxheight=\skip153
\mdffootnoteboxdepth=\skip154
\mdffootnoteboxtotalheight=\skip155
\mdftotallinewidth=\skip156
\mdfboundingboxwidth=\skip157
\mdfboundingboxtotalwidth=\skip158
\mdfboundingboxheight=\skip159
\mdfboundingboxdepth=\skip160
\mdfboundingboxtotalheight=\skip161
\mdf@freevspace@length=\skip162
\mdf@horizontalwidthofbox@length=\skip163
\mdf@verticalmarginwhole@length=\skip164
\mdf@horizontalspaceofbox=\skip165
\mdfsubtitleheight=\skip166
\mdfsubsubtitleheight=\skip167
\c@mdfcountframes=\count512

****** mdframed patching \endmdf@trivlist

****** -- success******

\mdf@envdepth=\count513
\c@mdf@env@i=\count514
\c@mdf@env@ii=\count515
\c@mdf@zref@counter=\count516
Package zref Info: New property: mdf@pagevalue on input line 895.
) (/usr/share/texmf-dist/tex/latex/tcolorbox/tcolorbox.sty
Package: tcolorbox 2020/04/28 version 4.30 text color boxes
(/usr/share/texmf-dist/tex/latex/tools/verbatim.sty
Package: verbatim 2019/11/10 v1.5r LaTeX2e package for verbatim enhancements
\every@verbatim=\toks65
\verbatim@line=\toks66
\verbatim@in@stream=\read6
) (/usr/share/texmf-dist/tex/latex/environ/environ.sty
Package: environ 2014/05/04 v0.3 A new way to define environments
(/usr/share/texmf-dist/tex/latex/trimspaces/trimspaces.sty
Package: trimspaces 2009/09/17 v1.1 Trim spaces around a token list
))
\tcb@titlebox=\box96
\tcb@upperbox=\box97
\tcb@lowerbox=\box98
\tcb@phantombox=\box99
\c@tcbbreakpart=\count517
\c@tcblayer=\count518
\c@tcolorbox@number=\count519
\tcb@temp=\box100
\tcb@temp=\box101
\tcb@temp=\box102
\tcb@temp=\box103
\tcb@out=\write8
\tcb@record@out=\write9
))
runsystem(which pygmentize && touch pythonQuant.aex)...executed.

runsystem(rm pythonQuant.aex)...executed.

\@quotelevel=\count520
\@quotereset=\count521
(livepreview/pythonQuant.aux)
LaTeX Font Info:    Checking defaults for OML/cmm/m/it on input line 30.
LaTeX Font Info:    ... okay on input line 30.
LaTeX Font Info:    Checking defaults for OMS/cmsy/m/n on input line 30.
LaTeX Font Info:    ... okay on input line 30.
LaTeX Font Info:    Checking defaults for OT1/cmr/m/n on input line 30.
LaTeX Font Info:    ... okay on input line 30.
LaTeX Font Info:    Checking defaults for T1/cmr/m/n on input line 30.
LaTeX Font Info:    ... okay on input line 30.
LaTeX Font Info:    Checking defaults for TS1/cmr/m/n on input line 30.
LaTeX Font Info:    ... okay on input line 30.
LaTeX Font Info:    Checking defaults for OMX/cmex/m/n on input line 30.
LaTeX Font Info:    ... okay on input line 30.
LaTeX Font Info:    Checking defaults for U/cmr/m/n on input line 30.
LaTeX Font Info:    ... okay on input line 30.
LaTeX Font Info:    Checking defaults for PD1/pdf/m/n on input line 30.
LaTeX Font Info:    ... okay on input line 30.
LaTeX Font Info:    Trying to load font information for T1+lmss on input line 30.
(/usr/share/texmf-dist/tex/latex/lm/t1lmss.fd
File: t1lmss.fd 2009/10/30 v1.6 Font defs for Latin Modern
) (/usr/share/texmf-dist/tex/context/base/mkii/supp-pdf.mkii
[Loading MPS to PDF converter (version 2006.09.02).]
\scratchcounter=\count522
\scratchdimen=\dimen360
\scratchbox=\box104
\nofMPsegments=\count523
\nofMParguments=\count524
\everyMPshowfont=\toks67
\MPscratchCnt=\count525
\MPscratchDim=\dimen361
\MPnumerator=\count526
\makeMPintoPDFobject=\count527
\everyMPtoPDFconversion=\toks68
) (/usr/share/texmf-dist/tex/latex/epstopdf-pkg/epstopdf-base.sty
Package: epstopdf-base 2020-01-24 v2.11 Base part for package epstopdf
Package epstopdf-base Info: Redefining graphics rule for `.eps' on input line 485.
(/usr/share/texmf-dist/tex/latex/latexconfig/epstopdf-sys.cfg
File: epstopdf-sys.cfg 2010/07/13 v1.3 Configuration of (r)epstopdf for TeX Live
))
\AtBeginShipoutBox=\box105
Package hyperref Info: Link coloring ON on input line 30.
(/usr/share/texmf-dist/tex/latex/hyperref/nameref.sty
Package: nameref 2019/09/16 v2.46 Cross-referencing by name of section
(/usr/share/texmf-dist/tex/latex/refcount/refcount.sty
Package: refcount 2019/12/15 v3.6 Data extraction from label references (HO)
) (/usr/share/texmf-dist/tex/generic/gettitlestring/gettitlestring.sty
Package: gettitlestring 2019/12/15 v1.6 Cleanup title references (HO)
)
\c@section@level=\count528
)
LaTeX Info: Redefining \ref on input line 30.
LaTeX Info: Redefining \pageref on input line 30.
LaTeX Info: Redefining \nameref on input line 30.
(livepreview/pythonQuant.out) (livepreview/pythonQuant.out)
\@outlinefile=\write10
ABD: EveryShipout initializing macros

Package pgfplots Warning: running in backwards compatibility mode (unsuitable tick labels; missing features). Consider writing \pgfplotsset{compat=1.17} into your preamble.
 on input line 30.

*geometry* driver: auto-detecting
*geometry* detected driver: pdftex
*geometry* verbose mode - [ preamble ] result:
* driver: pdftex
* paper: <default>
* layout: <same size as paper>
* layoutoffset:(h,v)=(0.0pt,0.0pt)
* modes: 
* h-part:(L,W,R)=(72.26999pt, 469.75502pt, 72.26999pt)
* v-part:(T,H,B)=(72.26999pt, 650.43001pt, 72.26999pt)
* \paperwidth=614.295pt
* \paperheight=794.96999pt
* \textwidth=469.75502pt
* \textheight=650.43001pt
* \oddsidemargin=0.0pt
* \evensidemargin=0.0pt
* \topmargin=-37.0pt
* \headheight=12.0pt
* \headsep=25.0pt
* \topskip=11.0pt
* \footskip=30.0pt
* \marginparwidth=59.0pt
* \marginparsep=10.0pt
* \columnsep=10.0pt
* \skip\footins=34.0pt plus 9.0pt minus 2.0pt
* \hoffset=0.0pt
* \voffset=0.0pt
* \mag=1000
* \@twocolumnfalse
* \@twosidefalse
* \@mparswitchfalse
* \@reversemarginfalse
* (1in=72.27pt=25.4mm, 1cm=28.453pt)

Package biblatex Info: Trying to load language 'english'...
Package biblatex Info: ... file 'english.lbx' found.
(/usr/share/texmf-dist/tex/latex/biblatex/lbx/english.lbx
File: english.lbx 2019/12/01 v3.14 biblatex localization (PK/MW)
)
Package biblatex Info: Input encoding 'utf8' detected.
Package biblatex Info: Automatic encoding selection.
(biblatex)             Assuming data encoding 'utf8'.
Package biblatex Info: Trying to load bibliographic data...
Package biblatex Info: ... file 'pythonQuant.bbl' found.
(livepreview/pythonQuant.bbl)
Package biblatex Info: Reference section=0 on input line 30.
Package biblatex Info: Reference segment=0 on input line 30.
\c@lstlisting=\count529
LaTeX Font Info:    Trying to load font information for OT1+lmr on input line 33.
(/usr/share/texmf-dist/tex/latex/lm/ot1lmr.fd
File: ot1lmr.fd 2009/10/30 v1.6 Font defs for Latin Modern
)
LaTeX Font Info:    Trying to load font information for OML+lmm on input line 33.
(/usr/share/texmf-dist/tex/latex/lm/omllmm.fd
File: omllmm.fd 2009/10/30 v1.6 Font defs for Latin Modern
)
LaTeX Font Info:    Trying to load font information for OMS+lmsy on input line 33.
(/usr/share/texmf-dist/tex/latex/lm/omslmsy.fd
File: omslmsy.fd 2009/10/30 v1.6 Font defs for Latin Modern
)
LaTeX Font Info:    Trying to load font information for OMX+lmex on input line 33.
(/usr/share/texmf-dist/tex/latex/lm/omxlmex.fd
File: omxlmex.fd 2009/10/30 v1.6 Font defs for Latin Modern
)
LaTeX Font Info:    External font `lmex10' loaded for size
(Font)              <12> on input line 33.
LaTeX Font Info:    External font `lmex10' loaded for size
(Font)              <8> on input line 33.
LaTeX Font Info:    External font `lmex10' loaded for size
(Font)              <6> on input line 33.
LaTeX Font Info:    Trying to load font information for U+msa on input line 33.
(/usr/share/texmf-dist/tex/latex/amsfonts/umsa.fd
File: umsa.fd 2013/01/14 v3.01 AMS symbols A
)
LaTeX Font Info:    Trying to load font information for U+msb on input line 33.
(/usr/share/texmf-dist/tex/latex/amsfonts/umsb.fd
File: umsb.fd 2013/01/14 v3.01 AMS symbols B
) (livepreview/pythonQuant.toc
Overfull \hbox (1.14853pt too wide) detected at line 3
\T1/lmss/bx/n/10.95  1  
 []

LaTeX Font Info:    External font `lmex10' loaded for size
(Font)              <10.95> on input line 5.
LaTeX Font Info:    Trying to load font information for TS1+lmss on input line 7.
(/usr/share/texmf-dist/tex/latex/lm/ts1lmss.fd
File: ts1lmss.fd 2009/10/30 v1.6 Font defs for Latin Modern
))
\tf@toc=\write11

Package hyperref Warning: Difference (2) between bookmark levels is greater 
(hyperref)                than one, level fixed on input line 37.

LaTeX Font Info:    Font shape `T1/lmss/m/it' in size <10.95> not available
(Font)              Font shape `T1/lmss/m/sl' tried instead on input line 49.
(./_minted-pythonQuant/default-pyg-prefix.pygstyle) (./_minted-pythonQuant/default.pygstyle) (./_minted-pythonQuant/5AAAC8B235B304EE599DEA263D5163A050C805B7B0EFD80EF7C5FB379DCF33A4.pygtex
LaTeX Font Info:    Trying to load font information for T1+lmtt on input line 1.
(/usr/share/texmf-dist/tex/latex/lm/t1lmtt.fd
File: t1lmtt.fd 2009/10/30 v1.6 Font defs for Latin Modern
)
LaTeX Font Info:    Font shape `T1/lmtt/bx/n' in size <10.95> not available
(Font)              Font shape `T1/lmtt/b/n' tried instead on input line 2.
LaTeX Font Info:    Font shape `T1/lmtt/bx/n' in size <9> not available
(Font)              Font shape `T1/lmtt/b/n' tried instead on input line 2.
LaTeX Font Info:    External font `lmex10' loaded for size
(Font)              <9> on input line 2.
LaTeX Font Info:    External font `lmex10' loaded for size
(Font)              <5> on input line 2.
LaTeX Font Info:    Trying to load font information for TS1+lmtt on input line 4.
(/usr/share/texmf-dist/tex/latex/lm/ts1lmtt.fd
File: ts1lmtt.fd 2009/10/30 v1.6 Font defs for Latin Modern
)) [1
Non-PDF special ignored!
<special> header=pstricks.pro
Non-PDF special ignored!
<special> header=pst-algparser.pro
Non-PDF special ignored!
<special> header=pst-tools.pro
Non-PDF special ignored!
<special> header=pst-dots.pro

Non-PDF special ignored!
<special> ps: /pssetRGBcolor /setrgbcolor load def /pssetCMYKcolor /setcmyk...
Non-PDF special ignored!
<special> ps:tx@Dict begin  gsave STV CP T /ps@rot 0 def grestore  end
Non-PDF special ignored!
<special> ps:tx@Dict begin  gsave STV CP T /ps@refangle 0.  def grestore  e...
{/var/lib/texmf/fonts/map/pdftex/updmap/pdftex.map}] (./_minted-pythonQuant/2078B7611EBCE39B6676F8C7622EF60950C805B7B0EFD80EF7C5FB379DCF33A4.pygtex)

LaTeX Font Warning: Command \scriptsize invalid in math mode on input line 78.


Overfull \hbox (6684.1157pt too wide) detected at line 347
[]
 []

(./_minted-pythonQuant/77D30EB0549406CA2CF65462FD233B1F50C805B7B0EFD80EF7C5FB379DCF33A4.pygtex)

LaTeX Font Warning: Command \scriptsize invalid in math mode on input line 356.


Overfull \hbox (1319.65022pt too wide) detected at line 391
[]
 []

[2] [3] [4] (./_minted-pythonQuant/BC763641EAFF4E1B2C47741D4E491FDB50C805B7B0EFD80EF7C5FB379DCF33A4.pygtex
LaTeX Font Info:    Font shape `T1/lmss/m/it' in size <9> not available
(Font)              Font shape `T1/lmss/m/sl' tried instead on input line 3.
) [5] (./_minted-pythonQuant/F6223089691B7DBAB23DBCBD849550A650C805B7B0EFD80EF7C5FB379DCF33A4.pygtex) (./_minted-pythonQuant/E7F192F0EEA47E9F929239AE5F10734050C805B7B0EFD80EF7C5FB379DCF33A4.pygtex)

LaTeX Font Warning: Font shape `T1/lmss/m/sc' in size <10.95> not available
(Font)              Font shape `T1/lmr/m/sc' tried instead on input line 578.

[6]
LaTeX Font Info:    Font shape `TS1/lmss/m/it' in size <10.95> not available
(Font)              Font shape `TS1/lmss/m/sl' tried instead on input line 578.
[7]
Package atveryend Info: Empty hook `BeforeClearDocument' on input line 578.
Package atveryend Info: Empty hook `AfterLastShipout' on input line 578.
(livepreview/pythonQuant.aux)
Package atveryend Info: Executing hook `AtVeryEndDocument' on input line 578.
Package atveryend Info: Executing hook `AtEndAfterFileList' on input line 578.
Package rerunfilecheck Info: File `pythonQuant.out' has not changed.
(rerunfilecheck)             Checksum: 56834BE1CA427E5CB84594C4636560E9;442.

LaTeX Warning: There were undefined references.

runsystem(rm pythonQuant.pyg)...executed.


Package biblatex Warning: Please rerun LaTeX.

Package logreq Info: Writing requests to 'pythonQuant.run.xml'.
Package atveryend Info: Empty hook `AtVeryVeryEnd' on input line 578.
 ) 
Here is how much of TeX's memory you used:
 45262 strings out of 480478
 999711 string characters out of 5905960
 2001510 words of memory out of 5000000
 60403 multiletter control sequences out of 15000+600000
 642983 words of font info for 96 fonts, out of 8000000 for 9000
 1141 hyphenation exceptions out of 8191
 76i,16n,102p,1413b,1534s stack positions out of 5000i,500n,10000p,200000b,80000s
{/usr/share/texmf-dist/fonts/enc/dvips/lm/lm-ts1.enc}{/usr/share/texmf-dist/fonts/enc/dvips/lm/lm-ec.enc}{/usr/share/texmf-dist/fonts/enc/dvips/lm/lm-rm.enc}{/usr/share/texmf-dist/fonts/enc/dvips/lm/lm-mathsy.enc}{/usr/share/texmf-dist/fonts/enc/dvips/lm/lm-mathit.enc}{/usr/share/texmf-dist/fonts/enc/dvips/lm/lm-mathex.enc}</usr/share/texmf-dist/fonts/type1/public/lm/lmbx10.pfb></usr/share/texmf-dist/fonts/type1/public/lm/lmbx8.pfb></usr/share/texmf-dist/fonts/type1/public/lm/lmcsc10.pfb></usr/share/texmf-dist/fonts/type1/public/lm/lmex10.pfb></usr/share/texmf-dist/fonts/type1/public/lm/lmmi10.pfb></usr/share/texmf-dist/fonts/type1/public/lm/lmmi6.pfb></usr/share/texmf-dist/fonts/type1/public/lm/lmmi8.pfb></usr/share/texmf-dist/fonts/type1/public/lm/lmr10.pfb></usr/share/texmf-dist/fonts/type1/public/lm/lmr5.pfb></usr/share/texmf-dist/fonts/type1/public/lm/lmr6.pfb></usr/share/texmf-dist/fonts/type1/public/lm/lmr8.pfb></usr/share/texmf-dist/fonts/type1/public/lm/lmss10.pfb></usr/share/texmf-dist/fonts/type1/public/lm/lmss12.pfb></usr/share/texmf-dist/fonts/type1/public/lm/lmss17.pfb></usr/share/texmf-dist/fonts/type1/public/lm/lmss8.pfb></usr/share/texmf-dist/fonts/type1/public/lm/lmssbx10.pfb></usr/share/texmf-dist/fonts/type1/public/lm/lmsso10.pfb></usr/share/texmf-dist/fonts/type1/public/lm/lmsy10.pfb></usr/share/texmf-dist/fonts/type1/public/lm/lmsy5.pfb></usr/share/texmf-dist/fonts/type1/public/lm/lmsy6.pfb></usr/share/texmf-dist/fonts/type1/public/lm/lmsy8.pfb></usr/share/texmf-dist/fonts/type1/public/lm/lmtk10.pfb></usr/share/texmf-dist/fonts/type1/public/lm/lmtt10.pfb></usr/share/texmf-dist/fonts/type1/public/lm/lmtti10.pfb></usr/share/texmf-dist/fonts/type1/public/amsfonts/symbols/msam10.pfb></usr/share/texmf-dist/fonts/type1/public/amsfonts/symbols/msbm10.pfb>
Output written on livepreview/pythonQuant.pdf (7 pages, 429995 bytes).
PDF statistics:
 265 PDF objects out of 1000 (max. 8388607)
 225 compressed objects within 3 object streams
 34 named destinations out of 1000 (max. 500000)
 61 words of extra memory for PDF output out of 10000 (max. 10000000)

