\BOOKMARK [1][-]{section.1}{Introduction}{}% 1
\BOOKMARK [1][-]{section.2}{Programming\040Recursion}{}% 2
\BOOKMARK [2][-]{subsection.2.1}{Iteration\040and\040Recursion}{section.2}% 3
\BOOKMARK [3][-]{subsubsection.2.1.1}{Some\040Functions\040are\040more\040difficult\040to\040express\040with\040Recursion\040in}{subsection.2.1}% 4
\BOOKMARK [1][-]{section.3}{Fibonacci\040Sequence}{}% 5
\BOOKMARK [2][-]{subsection.3.1}{Introduction}{section.3}% 6
\BOOKMARK [2][-]{subsection.3.2}{Computational\040Approach}{section.3}% 7
\BOOKMARK [2][-]{subsection.3.3}{Exponential\040Generating\040Functions}{section.3}% 8
\BOOKMARK [3][-]{subsubsection.3.3.1}{Motivation}{subsection.3.3}% 9
\BOOKMARK [3][-]{subsubsection.3.3.2}{Example}{subsection.3.3}% 10
\BOOKMARK [3][-]{subsubsection.3.3.3}{Derivative\040of\040the\040Exponential\040Generating\040Function}{subsection.3.3}% 11
\BOOKMARK [3][-]{subsubsection.3.3.4}{Homogeneous\040Proof}{subsection.3.3}% 12
\BOOKMARK [2][-]{subsection.3.4}{Fibonacci\040Sequence\040and\040the\040Golden\040Ratio}{section.3}% 13
\BOOKMARK [3][-]{subsubsection.3.4.1}{Fibonacci\040Sequence\040in\040Nature}{subsection.3.4}% 14
\BOOKMARK [1][-]{section.4}{Persian\040Recursion}{}% 15
\BOOKMARK [1][-]{section.5}{Julia\040Sets}{}% 16
\BOOKMARK [2][-]{subsection.5.1}{Introduction}{section.5}% 17
\BOOKMARK [2][-]{subsection.5.2}{Motivation}{section.5}% 18
\BOOKMARK [2][-]{subsection.5.3}{Plotting\040the\040Sets}{section.5}% 19
\BOOKMARK [1][-]{section.6}{MandelBrot}{}% 20
\BOOKMARK [1][-]{section.7}{Relevant\040Sources}{}% 21
\BOOKMARK [1][-]{section.8}{Appendix}{}% 22
\BOOKMARK [2][-]{subsection.8.1}{Persian\040Recursian\040Examples}{section.8}% 23
\BOOKMARK [2][-]{subsection.8.2}{Figures}{section.8}% 24
\BOOKMARK [2][-]{subsection.8.3}{Why\040Julia}{section.8}% 25
